
                            < M A T L A B (R) >
                  Copyright 1984-2022 The MathWorks, Inc.
                  R2022b (9.13.0.2049777) 64-bit (glnxa64)
                              August 24, 2022

 
To get started, type doc.
For product information, visit www.mathworks.com.
 
Starting parallel pool (parpool) using the 'Processes' profile ...
[Warning: The system time zone setting, 'US/Central', does not specify a single
time zone unambiguously. It will be treated as 'America/Chicago'. See the <a
href="matlab:doc('datetime.TimeZone')">datetime.TimeZone property</a> for
details about specifying time zones.] 
[> In verifyTimeZone (line 38)
In datetime (line 559)
In parallel.internal.pool.JavaBackedSessionNotifier>iLongToDatetime (line 128)
In parallel.internal.pool.JavaBackedSessionNotifier>iJavaDateToDatetime (line
148)
In parallel.internal.pool.JavaBackedSessionNotifier.sessionInfoFromJava (line
102)
In parallel.internal.pool/JavaBackedSessionNotifier/wrapNotificationMethod
(line 17)
In parallel.internal.pool/JavaBackedSessionNotifier/notifyAboutToStart (line
36)
In parallel.internal.pool.ISessionNotifier.buildAboutToStartInfo (line 34)
In parallel.internal.pool.argumentsParser>iPoolStartingMessage (line 188)
In parallel.internal.pool.argumentsParser>iGetClusterAndNumWorkers (line 108)
In parallel.internal.pool.argumentsParser (line 45)
In parallel.internal.pool.doParpool (line 17)
In parpool (line 127)
In train_rfr (line 52)
In gobai_o2_train_rfr (line 5)
] 
Connected to the parallel pool (number of workers: 40).
Train RFR - Cluster #1: Elapsed time is 81.966486 seconds.
Train RFR - Cluster #2: Elapsed time is 428.315470 seconds.
Train RFR - Cluster #3: Elapsed time is 184.181693 seconds.
Train RFR - Cluster #4: Elapsed time is 106.261750 seconds.
Train RFR - Cluster #5: Elapsed time is 198.928118 seconds.
Train RFR - Cluster #6: Elapsed time is 329.289088 seconds.
Train RFR - Cluster #7: Elapsed time is 182.264455 seconds.
Train RFR - Cluster #8: Elapsed time is 319.818106 seconds.
Train RFR - Cluster #9: Elapsed time is 257.875346 seconds.
Train RFR - Cluster #10: Elapsed time is 179.668186 seconds.
Train RFR - Cluster #11: Elapsed time is 265.588183 seconds.
Train RFR - Cluster #12: Elapsed time is 158.229267 seconds.
Train RFR - Cluster #13: Elapsed time is 111.285076 seconds.
Train RFR - Cluster #14: Elapsed time is 189.634356 seconds.
Train RFR - Cluster #15: Elapsed time is 129.934254 seconds.
Parallel pool using the 'Processes' profile is shutting down.
RFR Training: Elapsed time is 137.648796 seconds.
Starting parallel pool (parpool) using the 'Processes' profile ...
Connected to the parallel pool (number of workers: 40).
