
                            < M A T L A B (R) >
                  Copyright 1984-2022 The MathWorks, Inc.
                  R2022b (9.13.0.2049777) 64-bit (glnxa64)
                              August 24, 2022

 
To get started, type doc.
For product information, visit www.mathworks.com.
 
Starting parallel pool (parpool) using the 'Processes' profile ...
Connected to the parallel pool (number of workers: 40).
Train FFNN - Fold #1, Cluster #1: Elapsed time is 383.525635 seconds.
Run FFNN - Fold #1, Cluster #1: Elapsed time is 0.857388 seconds.
Train FFNN - Fold #1, Cluster #2: Elapsed time is 347.212730 seconds.
Run FFNN - Fold #1, Cluster #2: Elapsed time is 0.609484 seconds.
Train FFNN - Fold #1, Cluster #3: Elapsed time is 493.835998 seconds.
Run FFNN - Fold #1, Cluster #3: Elapsed time is 0.767695 seconds.
Train FFNN - Fold #1, Cluster #4: Elapsed time is 187.064203 seconds.
Run FFNN - Fold #1, Cluster #4: Elapsed time is 0.373107 seconds.
Train FFNN - Fold #1, Cluster #5: Elapsed time is 144.385397 seconds.
Run FFNN - Fold #1, Cluster #5: Elapsed time is 0.408248 seconds.
Train FFNN - Fold #2, Cluster #1: Elapsed time is 206.519273 seconds.
Run FFNN - Fold #2, Cluster #1: Elapsed time is 0.527478 seconds.
Train FFNN - Fold #2, Cluster #2: Elapsed time is 237.704698 seconds.
Run FFNN - Fold #2, Cluster #2: Elapsed time is 0.507751 seconds.
Train FFNN - Fold #2, Cluster #3: Elapsed time is 400.429985 seconds.
Run FFNN - Fold #2, Cluster #3: Elapsed time is 0.671227 seconds.
Train FFNN - Fold #2, Cluster #4: Elapsed time is 252.087270 seconds.
Run FFNN - Fold #2, Cluster #4: Elapsed time is 0.333976 seconds.
Train FFNN - Fold #2, Cluster #5: Elapsed time is 151.333125 seconds.
Run FFNN - Fold #2, Cluster #5: Elapsed time is 0.365794 seconds.
Train FFNN - Fold #3, Cluster #1: Elapsed time is 296.973099 seconds.
Run FFNN - Fold #3, Cluster #1: Elapsed time is 0.595461 seconds.
Train FFNN - Fold #3, Cluster #2: Elapsed time is 332.101587 seconds.
Run FFNN - Fold #3, Cluster #2: Elapsed time is 0.586927 seconds.
Train FFNN - Fold #3, Cluster #3: Elapsed time is 483.304725 seconds.
Run FFNN - Fold #3, Cluster #3: Elapsed time is 0.713176 seconds.
Train FFNN - Fold #3, Cluster #4: Elapsed time is 171.150574 seconds.
Run FFNN - Fold #3, Cluster #4: Elapsed time is 0.345178 seconds.
Train FFNN - Fold #3, Cluster #5: Elapsed time is 118.115507 seconds.
Run FFNN - Fold #3, Cluster #5: Elapsed time is 0.401414 seconds.
Train FFNN - Fold #4, Cluster #1: Elapsed time is 296.549042 seconds.
Run FFNN - Fold #4, Cluster #1: Elapsed time is 0.508101 seconds.
Train FFNN - Fold #4, Cluster #2: Elapsed time is 209.620260 seconds.
Run FFNN - Fold #4, Cluster #2: Elapsed time is 0.466189 seconds.
Train FFNN - Fold #4, Cluster #3: Elapsed time is 393.762404 seconds.
Run FFNN - Fold #4, Cluster #3: Elapsed time is 0.734908 seconds.
Train FFNN - Fold #4, Cluster #4: Elapsed time is 156.578160 seconds.
Run FFNN - Fold #4, Cluster #4: Elapsed time is 0.391366 seconds.
Train FFNN - Fold #4, Cluster #5: Elapsed time is 223.647350 seconds.
Run FFNN - Fold #4, Cluster #5: Elapsed time is 0.483300 seconds.
Train FFNN - Fold #5, Cluster #1: Elapsed time is 249.177130 seconds.
Run FFNN - Fold #5, Cluster #1: Elapsed time is 0.437005 seconds.
Train FFNN - Fold #5, Cluster #2: Elapsed time is 379.011603 seconds.
Run FFNN - Fold #5, Cluster #2: Elapsed time is 0.669890 seconds.
Train FFNN - Fold #5, Cluster #3: Elapsed time is 532.551918 seconds.
Run FFNN - Fold #5, Cluster #3: Elapsed time is 0.644043 seconds.
Train FFNN - Fold #5, Cluster #4: Elapsed time is 182.353042 seconds.
Run FFNN - Fold #5, Cluster #4: Elapsed time is 0.366205 seconds.
Train FFNN - Fold #5, Cluster #5: Elapsed time is 245.620388 seconds.
Run FFNN - Fold #5, Cluster #5: Elapsed time is 0.453706 seconds.
success!
