
                            < M A T L A B (R) >
                  Copyright 1984-2022 The MathWorks, Inc.
                  R2022b (9.13.0.2049777) 64-bit (glnxa64)
                              August 24, 2022

 
To get started, type doc.
For product information, visit www.mathworks.com.
 
Train GBM - Fold #1, Cluster #1: Elapsed time is 167.771936 seconds.
Run GBM - Fold #1, Cluster #1: Elapsed time is 2.792855 seconds.
Train GBM - Fold #1, Cluster #2: Elapsed time is 239.581144 seconds.
Run GBM - Fold #1, Cluster #2: Elapsed time is 3.567443 seconds.
Train GBM - Fold #1, Cluster #3: Elapsed time is 364.753438 seconds.
Run GBM - Fold #1, Cluster #3: Elapsed time is 4.336420 seconds.
Train GBM - Fold #1, Cluster #4: Elapsed time is 173.236485 seconds.
Run GBM - Fold #1, Cluster #4: Elapsed time is 2.814039 seconds.
Train GBM - Fold #1, Cluster #5: Elapsed time is 107.087179 seconds.
Run GBM - Fold #1, Cluster #5: Elapsed time is 2.064161 seconds.
Train GBM - Fold #1, Cluster #6: Elapsed time is 182.525485 seconds.
Run GBM - Fold #1, Cluster #6: Elapsed time is 2.874271 seconds.
Train GBM - Fold #1, Cluster #7: Elapsed time is 68.324255 seconds.
Run GBM - Fold #1, Cluster #7: Elapsed time is 1.253701 seconds.
Train GBM - Fold #1, Cluster #8: Elapsed time is 6.787855 seconds.
Run GBM - Fold #1, Cluster #8: Elapsed time is 0.172358 seconds.
Train GBM - Fold #1, Cluster #9: Elapsed time is 79.706665 seconds.
Run GBM - Fold #1, Cluster #9: Elapsed time is 1.709132 seconds.
Train GBM - Fold #1, Cluster #10: Elapsed time is 98.612422 seconds.
Run GBM - Fold #1, Cluster #10: Elapsed time is 2.282187 seconds.
Train GBM - Fold #1, Cluster #11: Elapsed time is 22.242295 seconds.
Run GBM - Fold #1, Cluster #11: Elapsed time is 0.784740 seconds.
Train GBM - Fold #1, Cluster #12: Elapsed time is 42.665777 seconds.
Run GBM - Fold #1, Cluster #12: Elapsed time is 0.949036 seconds.
Train GBM - Fold #1, Cluster #13: N/ARun GBM - Fold #1, Cluster #13: N/ATrain GBM - Fold #1, Cluster #14: Elapsed time is 26.781732 seconds.
Run GBM - Fold #1, Cluster #14: Elapsed time is 0.674007 seconds.
Train GBM - Fold #1, Cluster #15: Elapsed time is 129.753293 seconds.
Run GBM - Fold #1, Cluster #15: Elapsed time is 2.412478 seconds.
Train GBM - Fold #2, Cluster #1: Elapsed time is 169.755731 seconds.
Run GBM - Fold #2, Cluster #1: Elapsed time is 2.480013 seconds.
Train GBM - Fold #2, Cluster #2: Elapsed time is 246.103735 seconds.
Run GBM - Fold #2, Cluster #2: Elapsed time is 3.089670 seconds.
Train GBM - Fold #2, Cluster #3: Elapsed time is 356.261210 seconds.
Run GBM - Fold #2, Cluster #3: Elapsed time is 4.802102 seconds.
Train GBM - Fold #2, Cluster #4: Elapsed time is 183.015966 seconds.
Run GBM - Fold #2, Cluster #4: Elapsed time is 2.440941 seconds.
Train GBM - Fold #2, Cluster #5: Elapsed time is 110.234290 seconds.
Run GBM - Fold #2, Cluster #5: Elapsed time is 1.937696 seconds.
Train GBM - Fold #2, Cluster #6: Elapsed time is 189.764910 seconds.
Run GBM - Fold #2, Cluster #6: Elapsed time is 2.787153 seconds.
Train GBM - Fold #2, Cluster #7: Elapsed time is 68.386174 seconds.
Run GBM - Fold #2, Cluster #7: Elapsed time is 1.253555 seconds.
Train GBM - Fold #2, Cluster #8: Elapsed time is 6.662556 seconds.
Run GBM - Fold #2, Cluster #8: Elapsed time is 0.169733 seconds.
Train GBM - Fold #2, Cluster #9: Elapsed time is 85.053866 seconds.
Run GBM - Fold #2, Cluster #9: Elapsed time is 1.412912 seconds.
Train GBM - Fold #2, Cluster #10: Elapsed time is 108.426188 seconds.
Run GBM - Fold #2, Cluster #10: Elapsed time is 1.869416 seconds.
Train GBM - Fold #2, Cluster #11: Elapsed time is 23.107303 seconds.
Run GBM - Fold #2, Cluster #11: Elapsed time is 0.725775 seconds.
Train GBM - Fold #2, Cluster #12: Elapsed time is 40.389187 seconds.
Run GBM - Fold #2, Cluster #12: Elapsed time is 1.098710 seconds.
Train GBM - Fold #2, Cluster #13: N/ARun GBM - Fold #2, Cluster #13: N/ATrain GBM - Fold #2, Cluster #14: Elapsed time is 26.524554 seconds.
Run GBM - Fold #2, Cluster #14: Elapsed time is 0.681415 seconds.
Train GBM - Fold #2, Cluster #15: Elapsed time is 143.128195 seconds.
Run GBM - Fold #2, Cluster #15: Elapsed time is 1.824547 seconds.
Train GBM - Fold #3, Cluster #1: Elapsed time is 164.898509 seconds.
Run GBM - Fold #3, Cluster #1: Elapsed time is 2.710983 seconds.
Train GBM - Fold #3, Cluster #2: Elapsed time is 243.330510 seconds.
Run GBM - Fold #3, Cluster #2: Elapsed time is 3.353784 seconds.
Train GBM - Fold #3, Cluster #3: Elapsed time is 358.655605 seconds.
Run GBM - Fold #3, Cluster #3: Elapsed time is 4.611170 seconds.
Train GBM - Fold #3, Cluster #4: Elapsed time is 177.137693 seconds.
Run GBM - Fold #3, Cluster #4: Elapsed time is 2.643300 seconds.
Train GBM - Fold #3, Cluster #5: Elapsed time is 109.625058 seconds.
Run GBM - Fold #3, Cluster #5: Elapsed time is 1.930865 seconds.
Train GBM - Fold #3, Cluster #6: Elapsed time is 194.653749 seconds.
Run GBM - Fold #3, Cluster #6: Elapsed time is 2.639792 seconds.
Train GBM - Fold #3, Cluster #7: Elapsed time is 61.738224 seconds.
Run GBM - Fold #3, Cluster #7: Elapsed time is 1.644777 seconds.
Train GBM - Fold #3, Cluster #8: Elapsed time is 6.871888 seconds.
Run GBM - Fold #3, Cluster #8: Elapsed time is 0.172601 seconds.
Train GBM - Fold #3, Cluster #9: Elapsed time is 85.867793 seconds.
Run GBM - Fold #3, Cluster #9: Elapsed time is 1.495411 seconds.
Train GBM - Fold #3, Cluster #10: Elapsed time is 108.988937 seconds.
Run GBM - Fold #3, Cluster #10: Elapsed time is 1.840730 seconds.
Train GBM - Fold #3, Cluster #11: Elapsed time is 24.416169 seconds.
Run GBM - Fold #3, Cluster #11: Elapsed time is 0.642577 seconds.
Train GBM - Fold #3, Cluster #12: Elapsed time is 41.967085 seconds.
Run GBM - Fold #3, Cluster #12: Elapsed time is 1.022333 seconds.
Train GBM - Fold #3, Cluster #13: N/ARun GBM - Fold #3, Cluster #13: N/ATrain GBM - Fold #3, Cluster #14: Elapsed time is 25.218606 seconds.
Run GBM - Fold #3, Cluster #14: Elapsed time is 0.792480 seconds.
Train GBM - Fold #3, Cluster #15: Elapsed time is 129.946215 seconds.
Run GBM - Fold #3, Cluster #15: Elapsed time is 2.443145 seconds.
Train GBM - Fold #4, Cluster #1: Elapsed time is 172.094624 seconds.
Run GBM - Fold #4, Cluster #1: Elapsed time is 2.686031 seconds.
Train GBM - Fold #4, Cluster #2: Elapsed time is 249.017331 seconds.
Run GBM - Fold #4, Cluster #2: Elapsed time is 2.869809 seconds.
Train GBM - Fold #4, Cluster #3: Elapsed time is 371.304355 seconds.
Run GBM - Fold #4, Cluster #3: Elapsed time is 3.863610 seconds.
Train GBM - Fold #4, Cluster #4: Elapsed time is 165.808239 seconds.
Run GBM - Fold #4, Cluster #4: Elapsed time is 2.981756 seconds.
Train GBM - Fold #4, Cluster #5: Elapsed time is 118.016832 seconds.
Run GBM - Fold #4, Cluster #5: Elapsed time is 1.518843 seconds.
Train GBM - Fold #4, Cluster #6: Elapsed time is 185.677360 seconds.
Run GBM - Fold #4, Cluster #6: Elapsed time is 2.803726 seconds.
Train GBM - Fold #4, Cluster #7: Elapsed time is 62.513192 seconds.
Run GBM - Fold #4, Cluster #7: Elapsed time is 1.524372 seconds.
Train GBM - Fold #4, Cluster #8: Elapsed time is 5.071819 seconds.
Run GBM - Fold #4, Cluster #8: Elapsed time is 0.388595 seconds.
Train GBM - Fold #4, Cluster #9: Elapsed time is 85.968461 seconds.
Run GBM - Fold #4, Cluster #9: Elapsed time is 1.404258 seconds.
Train GBM - Fold #4, Cluster #10: Elapsed time is 110.773397 seconds.
Run GBM - Fold #4, Cluster #10: Elapsed time is 1.721013 seconds.
Train GBM - Fold #4, Cluster #11: Elapsed time is 22.697839 seconds.
Run GBM - Fold #4, Cluster #11: Elapsed time is 0.766204 seconds.
Train GBM - Fold #4, Cluster #12: Elapsed time is 41.658438 seconds.
Run GBM - Fold #4, Cluster #12: Elapsed time is 1.030823 seconds.
Train GBM - Fold #4, Cluster #13: N/ARun GBM - Fold #4, Cluster #13: N/ATrain GBM - Fold #4, Cluster #14: Elapsed time is 24.548108 seconds.
Run GBM - Fold #4, Cluster #14: Elapsed time is 0.799990 seconds.
Train GBM - Fold #4, Cluster #15: Elapsed time is 129.699189 seconds.
Run GBM - Fold #4, Cluster #15: Elapsed time is 2.391083 seconds.
Train GBM - Fold #5, Cluster #1: Elapsed time is 179.002370 seconds.
Run GBM - Fold #5, Cluster #1: Elapsed time is 2.203336 seconds.
Train GBM - Fold #5, Cluster #2: Elapsed time is 235.988651 seconds.
Run GBM - Fold #5, Cluster #2: Elapsed time is 3.608960 seconds.
Train GBM - Fold #5, Cluster #3: Elapsed time is 339.536462 seconds.
Run GBM - Fold #5, Cluster #3: Elapsed time is 5.168506 seconds.
Train GBM - Fold #5, Cluster #4: Elapsed time is 179.423884 seconds.
Run GBM - Fold #5, Cluster #4: Elapsed time is 2.497997 seconds.
Train GBM - Fold #5, Cluster #5: Elapsed time is 111.904437 seconds.
Run GBM - Fold #5, Cluster #5: Elapsed time is 1.868016 seconds.
Train GBM - Fold #5, Cluster #6: Elapsed time is 190.864493 seconds.
Run GBM - Fold #5, Cluster #6: Elapsed time is 2.492060 seconds.
Train GBM - Fold #5, Cluster #7: Elapsed time is 71.952774 seconds.
Run GBM - Fold #5, Cluster #7: Elapsed time is 1.121264 seconds.
Train GBM - Fold #5, Cluster #8: Elapsed time is 3.308316 seconds.
Run GBM - Fold #5, Cluster #8: Elapsed time is 0.517709 seconds.
Train GBM - Fold #5, Cluster #9: Elapsed time is 79.685857 seconds.
Run GBM - Fold #5, Cluster #9: Elapsed time is 1.793527 seconds.
Train GBM - Fold #5, Cluster #10: Elapsed time is 112.226805 seconds.
Run GBM - Fold #5, Cluster #10: Elapsed time is 1.606426 seconds.
Train GBM - Fold #5, Cluster #11: Elapsed time is 25.396851 seconds.
Run GBM - Fold #5, Cluster #11: Elapsed time is 0.597860 seconds.
Train GBM - Fold #5, Cluster #12: Elapsed time is 42.430196 seconds.
Run GBM - Fold #5, Cluster #12: Elapsed time is 1.036790 seconds.
Train GBM - Fold #5, Cluster #13: N/ARun GBM - Fold #5, Cluster #13: N/ATrain GBM - Fold #5, Cluster #14: Elapsed time is 26.138128 seconds.
Run GBM - Fold #5, Cluster #14: Elapsed time is 0.720955 seconds.
Train GBM - Fold #5, Cluster #15: Elapsed time is 140.814600 seconds.
Run GBM - Fold #5, Cluster #15: Elapsed time is 1.913375 seconds.
success!
