
                            < M A T L A B (R) >
                  Copyright 1984-2022 The MathWorks, Inc.
                  R2022b (9.13.0.2049777) 64-bit (glnxa64)
                              August 24, 2022

 
To get started, type doc.
For product information, visit www.mathworks.com.
 
Starting parallel pool (parpool) using the 'Processes' profile ...
Connected to the parallel pool (number of workers: 40).
Train RFR - Fold #1, Cluster #1: Elapsed time is 160.278130 seconds.
Run RFR - Fold #1, Cluster #1: Elapsed time is 45.475180 seconds.
Train RFR - Fold #1, Cluster #2: Elapsed time is 174.511286 seconds.
Run RFR - Fold #1, Cluster #2: Elapsed time is 43.017138 seconds.
Train RFR - Fold #1, Cluster #3: Elapsed time is 246.777966 seconds.
Run RFR - Fold #1, Cluster #3: Elapsed time is 182.755052 seconds.
Train RFR - Fold #1, Cluster #4: Elapsed time is 103.996775 seconds.
Run RFR - Fold #1, Cluster #4: Elapsed time is 29.499574 seconds.
Train RFR - Fold #1, Cluster #5: Elapsed time is 131.736938 seconds.
Run RFR - Fold #1, Cluster #5: Elapsed time is 36.721277 seconds.
Train RFR - Fold #2, Cluster #1: Elapsed time is 170.195343 seconds.
Run RFR - Fold #2, Cluster #1: Elapsed time is 47.067164 seconds.
Train RFR - Fold #2, Cluster #2: Elapsed time is 180.901263 seconds.
Run RFR - Fold #2, Cluster #2: Elapsed time is 41.270056 seconds.
Train RFR - Fold #2, Cluster #3: Elapsed time is 259.740133 seconds.
Run RFR - Fold #2, Cluster #3: Elapsed time is 73.682445 seconds.
Train RFR - Fold #2, Cluster #4: Elapsed time is 104.822252 seconds.
Run RFR - Fold #2, Cluster #4: Elapsed time is 30.343811 seconds.
Train RFR - Fold #2, Cluster #5: Elapsed time is 130.317287 seconds.
Run RFR - Fold #2, Cluster #5: Elapsed time is 35.038415 seconds.
Train RFR - Fold #3, Cluster #1: Elapsed time is 163.024061 seconds.
Run RFR - Fold #3, Cluster #1: Elapsed time is 45.283953 seconds.
Train RFR - Fold #3, Cluster #2: Elapsed time is 170.491552 seconds.
Run RFR - Fold #3, Cluster #2: Elapsed time is 42.621094 seconds.
Train RFR - Fold #3, Cluster #3: Elapsed time is 246.831955 seconds.
Run RFR - Fold #3, Cluster #3: Elapsed time is 73.204345 seconds.
Train RFR - Fold #3, Cluster #4: Elapsed time is 105.474445 seconds.
Run RFR - Fold #3, Cluster #4: Elapsed time is 29.365487 seconds.
Train RFR - Fold #3, Cluster #5: Elapsed time is 126.052775 seconds.
Run RFR - Fold #3, Cluster #5: Elapsed time is 36.406839 seconds.
Train RFR - Fold #4, Cluster #1: Elapsed time is 171.489280 seconds.
Run RFR - Fold #4, Cluster #1: Elapsed time is 43.035614 seconds.
Train RFR - Fold #4, Cluster #2: Elapsed time is 192.691310 seconds.
Run RFR - Fold #4, Cluster #2: Elapsed time is 40.697050 seconds.
Train RFR - Fold #4, Cluster #3: Elapsed time is 248.162992 seconds.
Run RFR - Fold #4, Cluster #3: Elapsed time is 73.327084 seconds.
Train RFR - Fold #4, Cluster #4: Elapsed time is 96.004980 seconds.
Run RFR - Fold #4, Cluster #4: Elapsed time is 29.744864 seconds.
Train RFR - Fold #4, Cluster #5: Elapsed time is 124.972960 seconds.
Run RFR - Fold #4, Cluster #5: Elapsed time is 35.173116 seconds.
Train RFR - Fold #5, Cluster #1: Elapsed time is 178.079958 seconds.
Run RFR - Fold #5, Cluster #1: Elapsed time is 45.103197 seconds.
Train RFR - Fold #5, Cluster #2: Elapsed time is 159.669347 seconds.
Run RFR - Fold #5, Cluster #2: Elapsed time is 44.588319 seconds.
Train RFR - Fold #5, Cluster #3: Elapsed time is 261.748114 seconds.
Run RFR - Fold #5, Cluster #3: Elapsed time is 71.027610 seconds.
Train RFR - Fold #5, Cluster #4: Elapsed time is 98.485977 seconds.
Run RFR - Fold #5, Cluster #4: Elapsed time is 28.849765 seconds.
Train RFR - Fold #5, Cluster #5: Elapsed time is 127.095798 seconds.
Run RFR - Fold #5, Cluster #5: Elapsed time is 36.284591 seconds.
Parallel pool using the 'Processes' profile is shutting down.
success!
