
                            < M A T L A B (R) >
                  Copyright 1984-2022 The MathWorks, Inc.
                  R2022b (9.13.0.2049777) 64-bit (glnxa64)
                              August 24, 2022

 
To get started, type doc.
For product information, visit www.mathworks.com.
 
Train GBM - Fold #1, Cluster #1: Elapsed time is 35.300313 seconds.
Run GBM - Fold #1, Cluster #1: Elapsed time is 0.749318 seconds.
Train GBM - Fold #1, Cluster #2: Elapsed time is 302.953500 seconds.
Run GBM - Fold #1, Cluster #2: Elapsed time is 4.187846 seconds.
Train GBM - Fold #1, Cluster #3: Elapsed time is 103.780306 seconds.
Run GBM - Fold #1, Cluster #3: Elapsed time is 1.809055 seconds.
Train GBM - Fold #1, Cluster #4: Elapsed time is 32.838682 seconds.
Run GBM - Fold #1, Cluster #4: Elapsed time is 0.737932 seconds.
Train GBM - Fold #1, Cluster #5: Elapsed time is 113.473069 seconds.
Run GBM - Fold #1, Cluster #5: Elapsed time is 2.134483 seconds.
Train GBM - Fold #1, Cluster #6: Elapsed time is 203.778059 seconds.
Run GBM - Fold #1, Cluster #6: Elapsed time is 2.961104 seconds.
Train GBM - Fold #1, Cluster #7: Elapsed time is 109.945237 seconds.
Run GBM - Fold #1, Cluster #7: Elapsed time is 2.006199 seconds.
Train GBM - Fold #1, Cluster #8: Elapsed time is 181.975346 seconds.
Run GBM - Fold #1, Cluster #8: Elapsed time is 2.892589 seconds.
Train GBM - Fold #1, Cluster #9: Elapsed time is 119.305174 seconds.
Run GBM - Fold #1, Cluster #9: Elapsed time is 2.623509 seconds.
Train GBM - Fold #1, Cluster #10: Elapsed time is 93.431603 seconds.
Run GBM - Fold #1, Cluster #10: Elapsed time is 1.779469 seconds.
Train GBM - Fold #1, Cluster #11: Elapsed time is 144.899956 seconds.
Run GBM - Fold #1, Cluster #11: Elapsed time is 2.337688 seconds.
Train GBM - Fold #1, Cluster #12: Elapsed time is 54.738738 seconds.
Run GBM - Fold #1, Cluster #12: Elapsed time is 1.162589 seconds.
Train GBM - Fold #1, Cluster #13: Elapsed time is 66.510868 seconds.
Run GBM - Fold #1, Cluster #13: Elapsed time is 1.563106 seconds.
Train GBM - Fold #1, Cluster #14: Elapsed time is 116.559286 seconds.
Run GBM - Fold #1, Cluster #14: Elapsed time is 2.045660 seconds.
Train GBM - Fold #1, Cluster #15: Elapsed time is 51.035154 seconds.
Run GBM - Fold #1, Cluster #15: Elapsed time is 1.171418 seconds.
Train GBM - Fold #2, Cluster #1: Elapsed time is 33.362867 seconds.
Run GBM - Fold #2, Cluster #1: Elapsed time is 0.650595 seconds.
Train GBM - Fold #2, Cluster #2: Elapsed time is 309.839636 seconds.
Run GBM - Fold #2, Cluster #2: Elapsed time is 3.965025 seconds.
Train GBM - Fold #2, Cluster #3: Elapsed time is 104.368954 seconds.
Run GBM - Fold #2, Cluster #3: Elapsed time is 1.834475 seconds.
Train GBM - Fold #2, Cluster #4: Elapsed time is 32.241664 seconds.
Run GBM - Fold #2, Cluster #4: Elapsed time is 0.727026 seconds.
Train GBM - Fold #2, Cluster #5: Elapsed time is 117.319518 seconds.
Run GBM - Fold #2, Cluster #5: Elapsed time is 1.911531 seconds.
Train GBM - Fold #2, Cluster #6: Elapsed time is 198.474586 seconds.
Run GBM - Fold #2, Cluster #6: Elapsed time is 3.088970 seconds.
Train GBM - Fold #2, Cluster #7: Elapsed time is 111.833189 seconds.
Run GBM - Fold #2, Cluster #7: Elapsed time is 1.945420 seconds.
Train GBM - Fold #2, Cluster #8: Elapsed time is 190.132295 seconds.
Run GBM - Fold #2, Cluster #8: Elapsed time is 2.441350 seconds.
Train GBM - Fold #2, Cluster #9: Elapsed time is 131.754225 seconds.
Run GBM - Fold #2, Cluster #9: Elapsed time is 2.091836 seconds.
Train GBM - Fold #2, Cluster #10: Elapsed time is 96.275862 seconds.
Run GBM - Fold #2, Cluster #10: Elapsed time is 1.689414 seconds.
Train GBM - Fold #2, Cluster #11: Elapsed time is 141.318916 seconds.
Run GBM - Fold #2, Cluster #11: Elapsed time is 2.661203 seconds.
Train GBM - Fold #2, Cluster #12: Elapsed time is 52.688098 seconds.
Run GBM - Fold #2, Cluster #12: Elapsed time is 1.282119 seconds.
Train GBM - Fold #2, Cluster #13: Elapsed time is 69.477853 seconds.
Run GBM - Fold #2, Cluster #13: Elapsed time is 1.418536 seconds.
Train GBM - Fold #2, Cluster #14: Elapsed time is 121.700796 seconds.
Run GBM - Fold #2, Cluster #14: Elapsed time is 1.784049 seconds.
Train GBM - Fold #2, Cluster #15: Elapsed time is 52.173919 seconds.
Run GBM - Fold #2, Cluster #15: Elapsed time is 1.118149 seconds.
Train GBM - Fold #3, Cluster #1: Elapsed time is 31.682794 seconds.
Run GBM - Fold #3, Cluster #1: Elapsed time is 0.806916 seconds.
Train GBM - Fold #3, Cluster #2: Elapsed time is 306.141463 seconds.
Run GBM - Fold #3, Cluster #2: Elapsed time is 4.045140 seconds.
Train GBM - Fold #3, Cluster #3: Elapsed time is 108.058563 seconds.
Run GBM - Fold #3, Cluster #3: Elapsed time is 1.718380 seconds.
Train GBM - Fold #3, Cluster #4: Elapsed time is 29.562260 seconds.
Run GBM - Fold #3, Cluster #4: Elapsed time is 0.912474 seconds.
Train GBM - Fold #3, Cluster #5: Elapsed time is 118.706826 seconds.
Run GBM - Fold #3, Cluster #5: Elapsed time is 2.082173 seconds.
Train GBM - Fold #3, Cluster #6: Elapsed time is 197.353689 seconds.
Run GBM - Fold #3, Cluster #6: Elapsed time is 3.250315 seconds.
Train GBM - Fold #3, Cluster #7: Elapsed time is 109.956175 seconds.
Run GBM - Fold #3, Cluster #7: Elapsed time is 1.997222 seconds.
Train GBM - Fold #3, Cluster #8: Elapsed time is 187.318835 seconds.
Run GBM - Fold #3, Cluster #8: Elapsed time is 2.716346 seconds.
Train GBM - Fold #3, Cluster #9: Elapsed time is 132.199076 seconds.
Run GBM - Fold #3, Cluster #9: Elapsed time is 2.128891 seconds.
Train GBM - Fold #3, Cluster #10: Elapsed time is 95.722481 seconds.
Run GBM - Fold #3, Cluster #10: Elapsed time is 1.691563 seconds.
Train GBM - Fold #3, Cluster #11: Elapsed time is 143.968184 seconds.
Run GBM - Fold #3, Cluster #11: Elapsed time is 2.527521 seconds.
Train GBM - Fold #3, Cluster #12: Elapsed time is 55.862452 seconds.
Run GBM - Fold #3, Cluster #12: Elapsed time is 1.167160 seconds.
Train GBM - Fold #3, Cluster #13: Elapsed time is 70.009161 seconds.
Run GBM - Fold #3, Cluster #13: Elapsed time is 1.381635 seconds.
Train GBM - Fold #3, Cluster #14: Elapsed time is 118.980896 seconds.
Run GBM - Fold #3, Cluster #14: Elapsed time is 2.004976 seconds.
Train GBM - Fold #3, Cluster #15: Elapsed time is 48.923158 seconds.
Run GBM - Fold #3, Cluster #15: Elapsed time is 1.377865 seconds.
Train GBM - Fold #4, Cluster #1: Elapsed time is 29.740559 seconds.
Run GBM - Fold #4, Cluster #1: Elapsed time is 0.900564 seconds.
Train GBM - Fold #4, Cluster #2: Elapsed time is 311.528550 seconds.
Run GBM - Fold #4, Cluster #2: Elapsed time is 3.720868 seconds.
Train GBM - Fold #4, Cluster #3: Elapsed time is 100.651942 seconds.
Run GBM - Fold #4, Cluster #3: Elapsed time is 1.996692 seconds.
Train GBM - Fold #4, Cluster #4: Elapsed time is 28.356466 seconds.
Run GBM - Fold #4, Cluster #4: Elapsed time is 0.974111 seconds.
Train GBM - Fold #4, Cluster #5: Elapsed time is 121.730613 seconds.
Run GBM - Fold #4, Cluster #5: Elapsed time is 1.717261 seconds.
Train GBM - Fold #4, Cluster #6: Elapsed time is 214.442456 seconds.
Run GBM - Fold #4, Cluster #6: Elapsed time is 2.500211 seconds.
Train GBM - Fold #4, Cluster #7: Elapsed time is 111.824869 seconds.
Run GBM - Fold #4, Cluster #7: Elapsed time is 1.972628 seconds.
Train GBM - Fold #4, Cluster #8: Elapsed time is 175.598491 seconds.
Run GBM - Fold #4, Cluster #8: Elapsed time is 3.166185 seconds.
Train GBM - Fold #4, Cluster #9: Elapsed time is 131.778171 seconds.
Run GBM - Fold #4, Cluster #9: Elapsed time is 2.090552 seconds.
Train GBM - Fold #4, Cluster #10: Elapsed time is 102.203467 seconds.
Run GBM - Fold #4, Cluster #10: Elapsed time is 1.415343 seconds.
Train GBM - Fold #4, Cluster #11: Elapsed time is 148.330808 seconds.
Run GBM - Fold #4, Cluster #11: Elapsed time is 2.227091 seconds.
Train GBM - Fold #4, Cluster #12: Elapsed time is 53.271522 seconds.
Run GBM - Fold #4, Cluster #12: Elapsed time is 1.212846 seconds.
Train GBM - Fold #4, Cluster #13: Elapsed time is 70.548419 seconds.
Run GBM - Fold #4, Cluster #13: Elapsed time is 1.255174 seconds.
Train GBM - Fold #4, Cluster #14: Elapsed time is 121.925337 seconds.
Run GBM - Fold #4, Cluster #14: Elapsed time is 1.752255 seconds.
Train GBM - Fold #4, Cluster #15: Elapsed time is 49.312162 seconds.
Run GBM - Fold #4, Cluster #15: Elapsed time is 1.227161 seconds.
Train GBM - Fold #5, Cluster #1: Elapsed time is 28.413079 seconds.
Run GBM - Fold #5, Cluster #1: Elapsed time is 1.026043 seconds.
Train GBM - Fold #5, Cluster #2: Elapsed time is 290.958584 seconds.
Run GBM - Fold #5, Cluster #2: Elapsed time is 4.593246 seconds.
Train GBM - Fold #5, Cluster #3: Elapsed time is 105.266370 seconds.
Run GBM - Fold #5, Cluster #3: Elapsed time is 1.646572 seconds.
Train GBM - Fold #5, Cluster #4: Elapsed time is 32.289727 seconds.
Run GBM - Fold #5, Cluster #4: Elapsed time is 0.696035 seconds.
Train GBM - Fold #5, Cluster #5: Elapsed time is 121.018328 seconds.
Run GBM - Fold #5, Cluster #5: Elapsed time is 1.782419 seconds.
Train GBM - Fold #5, Cluster #6: Elapsed time is 201.030375 seconds.
Run GBM - Fold #5, Cluster #6: Elapsed time is 3.026248 seconds.
Train GBM - Fold #5, Cluster #7: Elapsed time is 117.645610 seconds.
Run GBM - Fold #5, Cluster #7: Elapsed time is 1.641629 seconds.
Train GBM - Fold #5, Cluster #8: Elapsed time is 186.996432 seconds.
Run GBM - Fold #5, Cluster #8: Elapsed time is 2.619294 seconds.
Train GBM - Fold #5, Cluster #9: Elapsed time is 135.440409 seconds.
Run GBM - Fold #5, Cluster #9: Elapsed time is 1.950260 seconds.
Train GBM - Fold #5, Cluster #10: Elapsed time is 93.760351 seconds.
Run GBM - Fold #5, Cluster #10: Elapsed time is 1.890016 seconds.
Train GBM - Fold #5, Cluster #11: Elapsed time is 154.895635 seconds.
Run GBM - Fold #5, Cluster #11: Elapsed time is 1.884506 seconds.
Train GBM - Fold #5, Cluster #12: Elapsed time is 53.879271 seconds.
Run GBM - Fold #5, Cluster #12: Elapsed time is 1.242277 seconds.
Train GBM - Fold #5, Cluster #13: Elapsed time is 72.971713 seconds.
Run GBM - Fold #5, Cluster #13: Elapsed time is 1.201548 seconds.
Train GBM - Fold #5, Cluster #14: Elapsed time is 110.417629 seconds.
Run GBM - Fold #5, Cluster #14: Elapsed time is 2.324174 seconds.
Train GBM - Fold #5, Cluster #15: Elapsed time is 54.946647 seconds.
Run GBM - Fold #5, Cluster #15: Elapsed time is 0.927507 seconds.
success!
