
                            < M A T L A B (R) >
                  Copyright 1984-2022 The MathWorks, Inc.
                  R2022b (9.13.0.2049777) 64-bit (glnxa64)
                              August 24, 2022

 
To get started, type doc.
For product information, visit www.mathworks.com.
 
Starting parallel pool (parpool) using the 'Processes' profile ...
Connected to the parallel pool (number of workers: 40).
Train FFNN - Fold #1, Cluster #1: Elapsed time is 78.424837 seconds.
Run FFNN - Fold #1, Cluster #1: Elapsed time is 0.376342 seconds.
Train FFNN - Fold #1, Cluster #2: Elapsed time is 258.327413 seconds.
Run FFNN - Fold #1, Cluster #2: Elapsed time is 0.551316 seconds.
Train FFNN - Fold #1, Cluster #3: Elapsed time is 111.379400 seconds.
Run FFNN - Fold #1, Cluster #3: Elapsed time is 0.266534 seconds.
Train FFNN - Fold #1, Cluster #4: Elapsed time is 31.345280 seconds.
Run FFNN - Fold #1, Cluster #4: Elapsed time is 0.174496 seconds.
Train FFNN - Fold #1, Cluster #5: Elapsed time is 141.796977 seconds.
Run FFNN - Fold #1, Cluster #5: Elapsed time is 0.293430 seconds.
Train FFNN - Fold #1, Cluster #6: Elapsed time is 177.612575 seconds.
Run FFNN - Fold #1, Cluster #6: Elapsed time is 0.359109 seconds.
Train FFNN - Fold #1, Cluster #7: Elapsed time is 82.962545 seconds.
Run FFNN - Fold #1, Cluster #7: Elapsed time is 0.283570 seconds.
Train FFNN - Fold #1, Cluster #8: Elapsed time is 121.740506 seconds.
Run FFNN - Fold #1, Cluster #8: Elapsed time is 0.347635 seconds.
Train FFNN - Fold #1, Cluster #9: Elapsed time is 94.420046 seconds.
Run FFNN - Fold #1, Cluster #9: Elapsed time is 0.333504 seconds.
Train FFNN - Fold #1, Cluster #10: Elapsed time is 46.778888 seconds.
Run FFNN - Fold #1, Cluster #10: Elapsed time is 0.266142 seconds.
Train FFNN - Fold #1, Cluster #11: Elapsed time is 147.869093 seconds.
Run FFNN - Fold #1, Cluster #11: Elapsed time is 0.307369 seconds.
Train FFNN - Fold #1, Cluster #12: Elapsed time is 28.593760 seconds.
Run FFNN - Fold #1, Cluster #12: Elapsed time is 0.219536 seconds.
Train FFNN - Fold #1, Cluster #13: Elapsed time is 56.391607 seconds.
Run FFNN - Fold #1, Cluster #13: Elapsed time is 0.248479 seconds.
Train FFNN - Fold #1, Cluster #14: Elapsed time is 169.360461 seconds.
Run FFNN - Fold #1, Cluster #14: Elapsed time is 0.281064 seconds.
Train FFNN - Fold #1, Cluster #15: Elapsed time is 47.100744 seconds.
Run FFNN - Fold #1, Cluster #15: Elapsed time is 0.218916 seconds.
Train FFNN - Fold #2, Cluster #1: Elapsed time is 16.346000 seconds.
Run FFNN - Fold #2, Cluster #1: Elapsed time is 0.182754 seconds.
Train FFNN - Fold #2, Cluster #2: Elapsed time is 230.945325 seconds.
Run FFNN - Fold #2, Cluster #2: Elapsed time is 0.463666 seconds.
Train FFNN - Fold #2, Cluster #3: Elapsed time is 77.120640 seconds.
Run FFNN - Fold #2, Cluster #3: Elapsed time is 0.265402 seconds.
Train FFNN - Fold #2, Cluster #4: Elapsed time is 24.609736 seconds.
Run FFNN - Fold #2, Cluster #4: Elapsed time is 0.173838 seconds.
Train FFNN - Fold #2, Cluster #5: Elapsed time is 83.978246 seconds.
Run FFNN - Fold #2, Cluster #5: Elapsed time is 0.274404 seconds.
Train FFNN - Fold #2, Cluster #6: Elapsed time is 211.048783 seconds.
Run FFNN - Fold #2, Cluster #6: Elapsed time is 0.370881 seconds.
Train FFNN - Fold #2, Cluster #7: Elapsed time is 115.730014 seconds.
Run FFNN - Fold #2, Cluster #7: Elapsed time is 0.272053 seconds.
Train FFNN - Fold #2, Cluster #8: Elapsed time is 194.863410 seconds.
Run FFNN - Fold #2, Cluster #8: Elapsed time is 0.313183 seconds.
Train FFNN - Fold #2, Cluster #9: Elapsed time is 106.231413 seconds.
Run FFNN - Fold #2, Cluster #9: Elapsed time is 0.282711 seconds.
Train FFNN - Fold #2, Cluster #10: Elapsed time is 58.407291 seconds.
Run FFNN - Fold #2, Cluster #10: Elapsed time is 0.258453 seconds.
Train FFNN - Fold #2, Cluster #11: Elapsed time is 72.593994 seconds.
Run FFNN - Fold #2, Cluster #11: Elapsed time is 0.332576 seconds.
Train FFNN - Fold #2, Cluster #12: Elapsed time is 66.308120 seconds.
Run FFNN - Fold #2, Cluster #12: Elapsed time is 0.227718 seconds.
Train FFNN - Fold #2, Cluster #13: Elapsed time is 37.176457 seconds.
Run FFNN - Fold #2, Cluster #13: Elapsed time is 0.234280 seconds.
Train FFNN - Fold #2, Cluster #14: Elapsed time is 84.817861 seconds.
Run FFNN - Fold #2, Cluster #14: Elapsed time is 0.264254 seconds.
Train FFNN - Fold #2, Cluster #15: Elapsed time is 59.101994 seconds.
Run FFNN - Fold #2, Cluster #15: Elapsed time is 0.211008 seconds.
Train FFNN - Fold #3, Cluster #1: Elapsed time is 25.949263 seconds.
Run FFNN - Fold #3, Cluster #1: Elapsed time is 0.193993 seconds.
Train FFNN - Fold #3, Cluster #2: Elapsed time is 375.155130 seconds.
Run FFNN - Fold #3, Cluster #2: Elapsed time is 0.467632 seconds.
Train FFNN - Fold #3, Cluster #3: Elapsed time is 152.028281 seconds.
Run FFNN - Fold #3, Cluster #3: Elapsed time is 0.259070 seconds.
Train FFNN - Fold #3, Cluster #4: Elapsed time is 53.908462 seconds.
Run FFNN - Fold #3, Cluster #4: Elapsed time is 0.193844 seconds.
Train FFNN - Fold #3, Cluster #5: Elapsed time is 68.485590 seconds.
Run FFNN - Fold #3, Cluster #5: Elapsed time is 0.281950 seconds.
Train FFNN - Fold #3, Cluster #6: Elapsed time is 163.179281 seconds.
Run FFNN - Fold #3, Cluster #6: Elapsed time is 0.368845 seconds.
Train FFNN - Fold #3, Cluster #7: Elapsed time is 81.723217 seconds.
Run FFNN - Fold #3, Cluster #7: Elapsed time is 0.275917 seconds.
Train FFNN - Fold #3, Cluster #8: Elapsed time is 168.214562 seconds.
Run FFNN - Fold #3, Cluster #8: Elapsed time is 0.354247 seconds.
Train FFNN - Fold #3, Cluster #9: Elapsed time is 80.866898 seconds.
Run FFNN - Fold #3, Cluster #9: Elapsed time is 0.283897 seconds.
Train FFNN - Fold #3, Cluster #10: Elapsed time is 45.646805 seconds.
Run FFNN - Fold #3, Cluster #10: Elapsed time is 0.257032 seconds.
Train FFNN - Fold #3, Cluster #11: Elapsed time is 106.499832 seconds.
Run FFNN - Fold #3, Cluster #11: Elapsed time is 0.319136 seconds.
Train FFNN - Fold #3, Cluster #12: Elapsed time is 53.172148 seconds.
Run FFNN - Fold #3, Cluster #12: Elapsed time is 0.221072 seconds.
Train FFNN - Fold #3, Cluster #13: Elapsed time is 40.137562 seconds.
Run FFNN - Fold #3, Cluster #13: Elapsed time is 0.232428 seconds.
Train FFNN - Fold #3, Cluster #14: Elapsed time is 144.933915 seconds.
Run FFNN - Fold #3, Cluster #14: Elapsed time is 0.279538 seconds.
Train FFNN - Fold #3, Cluster #15: Elapsed time is 34.307942 seconds.
Run FFNN - Fold #3, Cluster #15: Elapsed time is 0.232128 seconds.
Train FFNN - Fold #4, Cluster #1: Elapsed time is 34.412257 seconds.
Run FFNN - Fold #4, Cluster #1: Elapsed time is 0.200402 seconds.
Train FFNN - Fold #4, Cluster #2: Elapsed time is 297.014490 seconds.
Run FFNN - Fold #4, Cluster #2: Elapsed time is 0.434876 seconds.
Train FFNN - Fold #4, Cluster #3: Elapsed time is 70.870148 seconds.
Run FFNN - Fold #4, Cluster #3: Elapsed time is 0.278597 seconds.
Train FFNN - Fold #4, Cluster #4: Elapsed time is 44.671533 seconds.
Run FFNN - Fold #4, Cluster #4: Elapsed time is 0.188328 seconds.
Train FFNN - Fold #4, Cluster #5: Elapsed time is 129.610435 seconds.
Run FFNN - Fold #4, Cluster #5: Elapsed time is 0.262626 seconds.
Train FFNN - Fold #4, Cluster #6: Elapsed time is 81.208506 seconds.
Run FFNN - Fold #4, Cluster #6: Elapsed time is 0.317887 seconds.
Train FFNN - Fold #4, Cluster #7: Elapsed time is 64.557928 seconds.
Run FFNN - Fold #4, Cluster #7: Elapsed time is 0.275848 seconds.
Train FFNN - Fold #4, Cluster #8: Elapsed time is 263.625032 seconds.
Run FFNN - Fold #4, Cluster #8: Elapsed time is 0.372191 seconds.
Train FFNN - Fold #4, Cluster #9: Elapsed time is 85.814084 seconds.
Run FFNN - Fold #4, Cluster #9: Elapsed time is 0.288615 seconds.
Train FFNN - Fold #4, Cluster #10: Elapsed time is 46.630929 seconds.
Run FFNN - Fold #4, Cluster #10: Elapsed time is 0.238036 seconds.
Train FFNN - Fold #4, Cluster #11: Elapsed time is 200.354265 seconds.
Run FFNN - Fold #4, Cluster #11: Elapsed time is 0.304793 seconds.
Train FFNN - Fold #4, Cluster #12: Elapsed time is 37.517407 seconds.
Run FFNN - Fold #4, Cluster #12: Elapsed time is 0.224383 seconds.
Train FFNN - Fold #4, Cluster #13: Elapsed time is 49.525770 seconds.
Run FFNN - Fold #4, Cluster #13: Elapsed time is 0.223458 seconds.
Train FFNN - Fold #4, Cluster #14: Elapsed time is 84.354097 seconds.
Run FFNN - Fold #4, Cluster #14: Elapsed time is 0.267430 seconds.
Train FFNN - Fold #4, Cluster #15: Elapsed time is 47.347442 seconds.
Run FFNN - Fold #4, Cluster #15: Elapsed time is 0.222939 seconds.
Train FFNN - Fold #5, Cluster #1: Elapsed time is 18.272442 seconds.
Run FFNN - Fold #5, Cluster #1: Elapsed time is 0.209063 seconds.
Train FFNN - Fold #5, Cluster #2: Elapsed time is 238.228075 seconds.
Run FFNN - Fold #5, Cluster #2: Elapsed time is 0.523567 seconds.
Train FFNN - Fold #5, Cluster #3: Elapsed time is 92.059204 seconds.
Run FFNN - Fold #5, Cluster #3: Elapsed time is 0.301925 seconds.
Train FFNN - Fold #5, Cluster #4: Elapsed time is 58.820881 seconds.
Run FFNN - Fold #5, Cluster #4: Elapsed time is 0.169661 seconds.
Train FFNN - Fold #5, Cluster #5: Elapsed time is 130.033425 seconds.
Run FFNN - Fold #5, Cluster #5: Elapsed time is 0.270049 seconds.
Train FFNN - Fold #5, Cluster #6: Elapsed time is 176.559267 seconds.
Run FFNN - Fold #5, Cluster #6: Elapsed time is 0.360935 seconds.
Train FFNN - Fold #5, Cluster #7: Elapsed time is 99.047562 seconds.
Run FFNN - Fold #5, Cluster #7: Elapsed time is 0.258744 seconds.
Train FFNN - Fold #5, Cluster #8: Elapsed time is 191.177797 seconds.
Run FFNN - Fold #5, Cluster #8: Elapsed time is 0.328876 seconds.
Train FFNN - Fold #5, Cluster #9: Elapsed time is 128.079187 seconds.
Run FFNN - Fold #5, Cluster #9: Elapsed time is 0.277804 seconds.
Train FFNN - Fold #5, Cluster #10: Elapsed time is 52.049021 seconds.
Run FFNN - Fold #5, Cluster #10: Elapsed time is 0.269179 seconds.
Train FFNN - Fold #5, Cluster #11: Elapsed time is 132.890160 seconds.
Run FFNN - Fold #5, Cluster #11: Elapsed time is 0.272799 seconds.
Train FFNN - Fold #5, Cluster #12: Elapsed time is 45.534021 seconds.
Run FFNN - Fold #5, Cluster #12: Elapsed time is 0.225000 seconds.
Train FFNN - Fold #5, Cluster #13: Elapsed time is 85.732837 seconds.
Run FFNN - Fold #5, Cluster #13: Elapsed time is 0.221727 seconds.
Train FFNN - Fold #5, Cluster #14: Elapsed time is 157.572704 seconds.
Run FFNN - Fold #5, Cluster #14: Elapsed time is 0.307374 seconds.
Train FFNN - Fold #5, Cluster #15: Elapsed time is 26.929642 seconds.
Run FFNN - Fold #5, Cluster #15: Elapsed time is 0.202310 seconds.
success!
