
                            < M A T L A B (R) >
                  Copyright 1984-2022 The MathWorks, Inc.
                  R2022b (9.13.0.2049777) 64-bit (glnxa64)
                              August 24, 2022

 
To get started, type doc.
For product information, visit www.mathworks.com.
 
Train GBM - Fold #1, Cluster #1: Elapsed time is 37.814612 seconds.
Run GBM - Fold #1, Cluster #1: Elapsed time is 1.058810 seconds.
Train GBM - Fold #1, Cluster #2: Elapsed time is 133.247419 seconds.
Run GBM - Fold #1, Cluster #2: Elapsed time is 2.337873 seconds.
Train GBM - Fold #1, Cluster #3: Elapsed time is 105.176493 seconds.
Run GBM - Fold #1, Cluster #3: Elapsed time is 1.458570 seconds.
Train GBM - Fold #1, Cluster #4: Elapsed time is 136.011782 seconds.
Run GBM - Fold #1, Cluster #4: Elapsed time is 2.953341 seconds.
Train GBM - Fold #1, Cluster #5: Elapsed time is 119.019201 seconds.
Run GBM - Fold #1, Cluster #5: Elapsed time is 1.712311 seconds.
Train GBM - Fold #1, Cluster #6: Elapsed time is 32.356811 seconds.
Run GBM - Fold #1, Cluster #6: Elapsed time is 0.744703 seconds.
Train GBM - Fold #1, Cluster #7: Elapsed time is 21.283078 seconds.
Run GBM - Fold #1, Cluster #7: Elapsed time is 0.449081 seconds.
Train GBM - Fold #1, Cluster #8: Elapsed time is 100.194191 seconds.
Run GBM - Fold #1, Cluster #8: Elapsed time is 1.408765 seconds.
Train GBM - Fold #1, Cluster #9: Elapsed time is 123.142712 seconds.
Run GBM - Fold #1, Cluster #9: Elapsed time is 2.035435 seconds.
Train GBM - Fold #1, Cluster #10: Elapsed time is 158.719746 seconds.
Run GBM - Fold #1, Cluster #10: Elapsed time is 3.125057 seconds.
Train GBM - Fold #1, Cluster #11: Elapsed time is 83.718547 seconds.
Run GBM - Fold #1, Cluster #11: Elapsed time is 1.574100 seconds.
Train GBM - Fold #1, Cluster #12: Elapsed time is 29.840517 seconds.
Run GBM - Fold #1, Cluster #12: Elapsed time is 0.908388 seconds.
Train GBM - Fold #1, Cluster #13: Elapsed time is 57.582107 seconds.
Run GBM - Fold #1, Cluster #13: Elapsed time is 1.312309 seconds.
Train GBM - Fold #1, Cluster #14: Elapsed time is 33.119160 seconds.
Run GBM - Fold #1, Cluster #14: Elapsed time is 0.703026 seconds.
Train GBM - Fold #1, Cluster #15: Elapsed time is 76.343744 seconds.
Run GBM - Fold #1, Cluster #15: Elapsed time is 1.950528 seconds.
Train GBM - Fold #1, Cluster #16: Elapsed time is 13.904419 seconds.
Run GBM - Fold #1, Cluster #16: Elapsed time is 0.509497 seconds.
Train GBM - Fold #1, Cluster #17: Elapsed time is 96.654929 seconds.
Run GBM - Fold #1, Cluster #17: Elapsed time is 2.579874 seconds.
Train GBM - Fold #1, Cluster #18: Elapsed time is 29.744783 seconds.
Run GBM - Fold #1, Cluster #18: Elapsed time is 0.741311 seconds.
Train GBM - Fold #1, Cluster #19: Elapsed time is 153.290463 seconds.
Run GBM - Fold #1, Cluster #19: Elapsed time is 2.516032 seconds.
Train GBM - Fold #1, Cluster #20: Elapsed time is 38.603532 seconds.
Run GBM - Fold #1, Cluster #20: Elapsed time is 0.962274 seconds.
Train GBM - Fold #2, Cluster #1: Elapsed time is 38.117642 seconds.
Run GBM - Fold #2, Cluster #1: Elapsed time is 0.876059 seconds.
Train GBM - Fold #2, Cluster #2: Elapsed time is 136.803674 seconds.
Run GBM - Fold #2, Cluster #2: Elapsed time is 2.028151 seconds.
Train GBM - Fold #2, Cluster #3: Elapsed time is 94.962397 seconds.
Run GBM - Fold #2, Cluster #3: Elapsed time is 2.008460 seconds.
Train GBM - Fold #2, Cluster #4: Elapsed time is 152.706156 seconds.
Run GBM - Fold #2, Cluster #4: Elapsed time is 2.263991 seconds.
Train GBM - Fold #2, Cluster #5: Elapsed time is 118.946918 seconds.
Run GBM - Fold #2, Cluster #5: Elapsed time is 1.727360 seconds.
Train GBM - Fold #2, Cluster #6: Elapsed time is 32.761103 seconds.
Run GBM - Fold #2, Cluster #6: Elapsed time is 0.734300 seconds.
Train GBM - Fold #2, Cluster #7: Elapsed time is 20.825344 seconds.
Run GBM - Fold #2, Cluster #7: Elapsed time is 0.513699 seconds.
Train GBM - Fold #2, Cluster #8: Elapsed time is 90.552817 seconds.
Run GBM - Fold #2, Cluster #8: Elapsed time is 1.773943 seconds.
Train GBM - Fold #2, Cluster #9: Elapsed time is 137.106770 seconds.
Run GBM - Fold #2, Cluster #9: Elapsed time is 1.480223 seconds.
Train GBM - Fold #2, Cluster #10: Elapsed time is 171.349393 seconds.
Run GBM - Fold #2, Cluster #10: Elapsed time is 2.530657 seconds.
Train GBM - Fold #2, Cluster #11: Elapsed time is 88.846582 seconds.
Run GBM - Fold #2, Cluster #11: Elapsed time is 1.382406 seconds.
Train GBM - Fold #2, Cluster #12: Elapsed time is 32.271684 seconds.
Run GBM - Fold #2, Cluster #12: Elapsed time is 0.773544 seconds.
Train GBM - Fold #2, Cluster #13: Elapsed time is 59.098032 seconds.
Run GBM - Fold #2, Cluster #13: Elapsed time is 1.130888 seconds.
Train GBM - Fold #2, Cluster #14: Elapsed time is 27.943671 seconds.
Run GBM - Fold #2, Cluster #14: Elapsed time is 1.041239 seconds.
Train GBM - Fold #2, Cluster #15: Elapsed time is 81.957480 seconds.
Run GBM - Fold #2, Cluster #15: Elapsed time is 1.577171 seconds.
Train GBM - Fold #2, Cluster #16: Elapsed time is 14.722261 seconds.
Run GBM - Fold #2, Cluster #16: Elapsed time is 0.435311 seconds.
Train GBM - Fold #2, Cluster #17: Elapsed time is 117.207506 seconds.
Run GBM - Fold #2, Cluster #17: Elapsed time is 1.523386 seconds.
Train GBM - Fold #2, Cluster #18: Elapsed time is 28.628684 seconds.
Run GBM - Fold #2, Cluster #18: Elapsed time is 0.821262 seconds.
Train GBM - Fold #2, Cluster #19: Elapsed time is 145.684619 seconds.
Run GBM - Fold #2, Cluster #19: Elapsed time is 2.688544 seconds.
Train GBM - Fold #2, Cluster #20: Elapsed time is 37.704097 seconds.
Run GBM - Fold #2, Cluster #20: Elapsed time is 0.972203 seconds.
Train GBM - Fold #3, Cluster #1: Elapsed time is 34.779197 seconds.
Run GBM - Fold #3, Cluster #1: Elapsed time is 1.133213 seconds.
Train GBM - Fold #3, Cluster #2: Elapsed time is 132.966729 seconds.
Run GBM - Fold #3, Cluster #2: Elapsed time is 2.207784 seconds.
Train GBM - Fold #3, Cluster #3: Elapsed time is 93.748266 seconds.
Run GBM - Fold #3, Cluster #3: Elapsed time is 1.954873 seconds.
Train GBM - Fold #3, Cluster #4: Elapsed time is 151.458930 seconds.
Run GBM - Fold #3, Cluster #4: Elapsed time is 2.314037 seconds.
Train GBM - Fold #3, Cluster #5: Elapsed time is 116.127591 seconds.
Run GBM - Fold #3, Cluster #5: Elapsed time is 1.893667 seconds.
Train GBM - Fold #3, Cluster #6: Elapsed time is 30.402500 seconds.
Run GBM - Fold #3, Cluster #6: Elapsed time is 0.918309 seconds.
Train GBM - Fold #3, Cluster #7: Elapsed time is 19.340168 seconds.
Run GBM - Fold #3, Cluster #7: Elapsed time is 0.589496 seconds.
Train GBM - Fold #3, Cluster #8: Elapsed time is 83.799446 seconds.
Run GBM - Fold #3, Cluster #8: Elapsed time is 2.144824 seconds.
Train GBM - Fold #3, Cluster #9: Elapsed time is 133.065601 seconds.
Run GBM - Fold #3, Cluster #9: Elapsed time is 1.623971 seconds.
Train GBM - Fold #3, Cluster #10: Elapsed time is 168.321860 seconds.
Run GBM - Fold #3, Cluster #10: Elapsed time is 2.777762 seconds.
Train GBM - Fold #3, Cluster #11: Elapsed time is 82.685385 seconds.
Run GBM - Fold #3, Cluster #11: Elapsed time is 1.646888 seconds.
Train GBM - Fold #3, Cluster #12: Elapsed time is 30.236356 seconds.
Run GBM - Fold #3, Cluster #12: Elapsed time is 0.890620 seconds.
Train GBM - Fold #3, Cluster #13: Elapsed time is 62.445656 seconds.
Run GBM - Fold #3, Cluster #13: Elapsed time is 1.177029 seconds.
Train GBM - Fold #3, Cluster #14: Elapsed time is 31.471325 seconds.
Run GBM - Fold #3, Cluster #14: Elapsed time is 0.840890 seconds.
Train GBM - Fold #3, Cluster #15: Elapsed time is 86.075681 seconds.
Run GBM - Fold #3, Cluster #15: Elapsed time is 1.381887 seconds.
Train GBM - Fold #3, Cluster #16: Elapsed time is 12.921170 seconds.
Run GBM - Fold #3, Cluster #16: Elapsed time is 0.545541 seconds.
Train GBM - Fold #3, Cluster #17: Elapsed time is 111.669086 seconds.
Run GBM - Fold #3, Cluster #17: Elapsed time is 1.905825 seconds.
Train GBM - Fold #3, Cluster #18: Elapsed time is 28.925334 seconds.
Run GBM - Fold #3, Cluster #18: Elapsed time is 0.750792 seconds.
Train GBM - Fold #3, Cluster #19: Elapsed time is 150.418538 seconds.
Run GBM - Fold #3, Cluster #19: Elapsed time is 2.623877 seconds.
Train GBM - Fold #3, Cluster #20: Elapsed time is 39.223248 seconds.
Run GBM - Fold #3, Cluster #20: Elapsed time is 0.835546 seconds.
Train GBM - Fold #4, Cluster #1: Elapsed time is 36.129324 seconds.
Run GBM - Fold #4, Cluster #1: Elapsed time is 0.978723 seconds.
Train GBM - Fold #4, Cluster #2: Elapsed time is 126.692328 seconds.
Run GBM - Fold #4, Cluster #2: Elapsed time is 2.539322 seconds.
Train GBM - Fold #4, Cluster #3: Elapsed time is 105.646878 seconds.
Run GBM - Fold #4, Cluster #3: Elapsed time is 1.425130 seconds.
Train GBM - Fold #4, Cluster #4: Elapsed time is 149.181102 seconds.
Run GBM - Fold #4, Cluster #4: Elapsed time is 2.359516 seconds.
Train GBM - Fold #4, Cluster #5: Elapsed time is 108.083471 seconds.
Run GBM - Fold #4, Cluster #5: Elapsed time is 2.342893 seconds.
Train GBM - Fold #4, Cluster #6: Elapsed time is 29.496064 seconds.
Run GBM - Fold #4, Cluster #6: Elapsed time is 0.958183 seconds.
Train GBM - Fold #4, Cluster #7: Elapsed time is 18.551338 seconds.
Run GBM - Fold #4, Cluster #7: Elapsed time is 0.639212 seconds.
Train GBM - Fold #4, Cluster #8: Elapsed time is 99.241976 seconds.
Run GBM - Fold #4, Cluster #8: Elapsed time is 1.381969 seconds.
Train GBM - Fold #4, Cluster #9: Elapsed time is 127.676495 seconds.
Run GBM - Fold #4, Cluster #9: Elapsed time is 1.798815 seconds.
Train GBM - Fold #4, Cluster #10: Elapsed time is 183.940361 seconds.
Run GBM - Fold #4, Cluster #10: Elapsed time is 1.945346 seconds.
Train GBM - Fold #4, Cluster #11: Elapsed time is 78.691045 seconds.
Run GBM - Fold #4, Cluster #11: Elapsed time is 1.853145 seconds.
Train GBM - Fold #4, Cluster #12: Elapsed time is 31.786334 seconds.
Run GBM - Fold #4, Cluster #12: Elapsed time is 0.839453 seconds.
Train GBM - Fold #4, Cluster #13: Elapsed time is 58.041712 seconds.
Run GBM - Fold #4, Cluster #13: Elapsed time is 1.344963 seconds.
Train GBM - Fold #4, Cluster #14: Elapsed time is 30.655254 seconds.
Run GBM - Fold #4, Cluster #14: Elapsed time is 0.797575 seconds.
Train GBM - Fold #4, Cluster #15: Elapsed time is 84.770416 seconds.
Run GBM - Fold #4, Cluster #15: Elapsed time is 1.429704 seconds.
Train GBM - Fold #4, Cluster #16: Elapsed time is 13.422805 seconds.
Run GBM - Fold #4, Cluster #16: Elapsed time is 0.542906 seconds.
Train GBM - Fold #4, Cluster #17: Elapsed time is 110.490962 seconds.
Run GBM - Fold #4, Cluster #17: Elapsed time is 1.860130 seconds.
Train GBM - Fold #4, Cluster #18: Elapsed time is 30.807638 seconds.
Run GBM - Fold #4, Cluster #18: Elapsed time is 0.607098 seconds.
Train GBM - Fold #4, Cluster #19: Elapsed time is 154.291165 seconds.
Run GBM - Fold #4, Cluster #19: Elapsed time is 2.273842 seconds.
Train GBM - Fold #4, Cluster #20: Elapsed time is 36.210235 seconds.
Run GBM - Fold #4, Cluster #20: Elapsed time is 1.027587 seconds.
Train GBM - Fold #5, Cluster #1: Elapsed time is 39.859110 seconds.
Run GBM - Fold #5, Cluster #1: Elapsed time is 0.788361 seconds.
Train GBM - Fold #5, Cluster #2: Elapsed time is 138.834797 seconds.
Run GBM - Fold #5, Cluster #2: Elapsed time is 2.018134 seconds.
Train GBM - Fold #5, Cluster #3: Elapsed time is 95.941664 seconds.
Run GBM - Fold #5, Cluster #3: Elapsed time is 1.977219 seconds.
Train GBM - Fold #5, Cluster #4: Elapsed time is 154.625137 seconds.
Run GBM - Fold #5, Cluster #4: Elapsed time is 2.082487 seconds.
Train GBM - Fold #5, Cluster #5: Elapsed time is 113.160852 seconds.
Run GBM - Fold #5, Cluster #5: Elapsed time is 2.128341 seconds.
Train GBM - Fold #5, Cluster #6: Elapsed time is 33.677261 seconds.
Run GBM - Fold #5, Cluster #6: Elapsed time is 0.717573 seconds.
Train GBM - Fold #5, Cluster #7: Elapsed time is 15.961704 seconds.
Run GBM - Fold #5, Cluster #7: Elapsed time is 0.832386 seconds.
Train GBM - Fold #5, Cluster #8: Elapsed time is 93.909001 seconds.
Run GBM - Fold #5, Cluster #8: Elapsed time is 1.694955 seconds.
Train GBM - Fold #5, Cluster #9: Elapsed time is 95.403452 seconds.
Run GBM - Fold #5, Cluster #9: Elapsed time is 3.510433 seconds.
Train GBM - Fold #5, Cluster #10: Elapsed time is 168.218005 seconds.
Run GBM - Fold #5, Cluster #10: Elapsed time is 2.613764 seconds.
Train GBM - Fold #5, Cluster #11: Elapsed time is 86.068361 seconds.
Run GBM - Fold #5, Cluster #11: Elapsed time is 1.448259 seconds.
Train GBM - Fold #5, Cluster #12: Elapsed time is 35.161416 seconds.
Run GBM - Fold #5, Cluster #12: Elapsed time is 0.618532 seconds.
Train GBM - Fold #5, Cluster #13: Elapsed time is 59.765843 seconds.
Run GBM - Fold #5, Cluster #13: Elapsed time is 1.289950 seconds.
Train GBM - Fold #5, Cluster #14: Elapsed time is 31.941904 seconds.
Run GBM - Fold #5, Cluster #14: Elapsed time is 0.757046 seconds.
Train GBM - Fold #5, Cluster #15: Elapsed time is 85.813842 seconds.
Run GBM - Fold #5, Cluster #15: Elapsed time is 1.408129 seconds.
Train GBM - Fold #5, Cluster #16: Elapsed time is 13.852996 seconds.
Run GBM - Fold #5, Cluster #16: Elapsed time is 0.508399 seconds.
Train GBM - Fold #5, Cluster #17: Elapsed time is 116.024369 seconds.
Run GBM - Fold #5, Cluster #17: Elapsed time is 1.624090 seconds.
Train GBM - Fold #5, Cluster #18: Elapsed time is 26.153726 seconds.
Run GBM - Fold #5, Cluster #18: Elapsed time is 0.953311 seconds.
Train GBM - Fold #5, Cluster #19: Elapsed time is 163.127374 seconds.
Run GBM - Fold #5, Cluster #19: Elapsed time is 1.973494 seconds.
Train GBM - Fold #5, Cluster #20: Elapsed time is 37.470940 seconds.
Run GBM - Fold #5, Cluster #20: Elapsed time is 0.937109 seconds.
success!
