
                            < M A T L A B (R) >
                  Copyright 1984-2022 The MathWorks, Inc.
                  R2022b (9.13.0.2049777) 64-bit (glnxa64)
                              August 24, 2022

 
To get started, type doc.
For product information, visit www.mathworks.com.
 
Train GBM - Fold #1, Cluster #1: Elapsed time is 230.050157 seconds.
Run GBM - Fold #1, Cluster #1: Elapsed time is 3.619536 seconds.
Train GBM - Fold #1, Cluster #2: Elapsed time is 116.880652 seconds.
Run GBM - Fold #1, Cluster #2: Elapsed time is 1.832753 seconds.
Train GBM - Fold #1, Cluster #3: Elapsed time is 1067.089831 seconds.
Run GBM - Fold #1, Cluster #3: Elapsed time is 13.923310 seconds.
Train GBM - Fold #1, Cluster #4: Elapsed time is 79.321622 seconds.
Run GBM - Fold #1, Cluster #4: Elapsed time is 1.556487 seconds.
Train GBM - Fold #1, Cluster #5: Elapsed time is 1053.776495 seconds.
Run GBM - Fold #1, Cluster #5: Elapsed time is 11.224615 seconds.
Train GBM - Fold #1, Cluster #6: Elapsed time is 747.008637 seconds.
Run GBM - Fold #1, Cluster #6: Elapsed time is 8.481524 seconds.
Train GBM - Fold #1, Cluster #7: Elapsed time is 731.869065 seconds.
Run GBM - Fold #1, Cluster #7: Elapsed time is 8.385161 seconds.
Train GBM - Fold #1, Cluster #8: Elapsed time is 1299.322018 seconds.
Run GBM - Fold #1, Cluster #8: Elapsed time is 14.746825 seconds.
Train GBM - Fold #1, Cluster #9: Elapsed time is 161.100772 seconds.
Run GBM - Fold #1, Cluster #9: Elapsed time is 2.899011 seconds.
Train GBM - Fold #1, Cluster #10: Elapsed time is 170.045391 seconds.
Run GBM - Fold #1, Cluster #10: Elapsed time is 2.856388 seconds.
Train GBM - Fold #2, Cluster #1: Elapsed time is 226.127076 seconds.
Run GBM - Fold #2, Cluster #1: Elapsed time is 3.690351 seconds.
Train GBM - Fold #2, Cluster #2: Elapsed time is 106.381137 seconds.
Run GBM - Fold #2, Cluster #2: Elapsed time is 2.441331 seconds.
Train GBM - Fold #2, Cluster #3: Elapsed time is 1030.574551 seconds.
Run GBM - Fold #2, Cluster #3: Elapsed time is 15.709835 seconds.
Train GBM - Fold #2, Cluster #4: Elapsed time is 72.980561 seconds.
Run GBM - Fold #2, Cluster #4: Elapsed time is 1.988244 seconds.
Train GBM - Fold #2, Cluster #5: Elapsed time is 1040.438453 seconds.
Run GBM - Fold #2, Cluster #5: Elapsed time is 12.938552 seconds.
Train GBM - Fold #2, Cluster #6: Elapsed time is 756.036545 seconds.
Run GBM - Fold #2, Cluster #6: Elapsed time is 8.690958 seconds.
Train GBM - Fold #2, Cluster #7: Elapsed time is 716.874090 seconds.
Run GBM - Fold #2, Cluster #7: Elapsed time is 9.107639 seconds.
Train GBM - Fold #2, Cluster #8: Elapsed time is 1310.729138 seconds.
Run GBM - Fold #2, Cluster #8: Elapsed time is 14.758816 seconds.
Train GBM - Fold #2, Cluster #9: Elapsed time is 163.000085 seconds.
Run GBM - Fold #2, Cluster #9: Elapsed time is 2.681016 seconds.
Train GBM - Fold #2, Cluster #10: Elapsed time is 174.129517 seconds.
Run GBM - Fold #2, Cluster #10: Elapsed time is 2.724439 seconds.
Train GBM - Fold #3, Cluster #1: Elapsed time is 225.376005 seconds.
Run GBM - Fold #3, Cluster #1: Elapsed time is 3.654917 seconds.
Train GBM - Fold #3, Cluster #2: Elapsed time is 108.511032 seconds.
Run GBM - Fold #3, Cluster #2: Elapsed time is 2.518905 seconds.
Train GBM - Fold #3, Cluster #3: Elapsed time is 1112.081268 seconds.
Run GBM - Fold #3, Cluster #3: Elapsed time is 11.679427 seconds.
Train GBM - Fold #3, Cluster #4: Elapsed time is 79.831528 seconds.
Run GBM - Fold #3, Cluster #4: Elapsed time is 1.592640 seconds.
Train GBM - Fold #3, Cluster #5: Elapsed time is 1054.943572 seconds.
Run GBM - Fold #3, Cluster #5: Elapsed time is 12.457783 seconds.
Train GBM - Fold #3, Cluster #6: Elapsed time is 723.858038 seconds.
Run GBM - Fold #3, Cluster #6: Elapsed time is 10.181416 seconds.
Train GBM - Fold #3, Cluster #7: Elapsed time is 719.245185 seconds.
Run GBM - Fold #3, Cluster #7: Elapsed time is 9.001392 seconds.
Train GBM - Fold #3, Cluster #8: Elapsed time is 1307.125179 seconds.
Run GBM - Fold #3, Cluster #8: Elapsed time is 15.610205 seconds.
Train GBM - Fold #3, Cluster #9: Elapsed time is 156.538158 seconds.
Run GBM - Fold #3, Cluster #9: Elapsed time is 3.129363 seconds.
Train GBM - Fold #3, Cluster #10: Elapsed time is 168.033739 seconds.
Run GBM - Fold #3, Cluster #10: Elapsed time is 2.987198 seconds.
Train GBM - Fold #4, Cluster #1: Elapsed time is 230.391232 seconds.
Run GBM - Fold #4, Cluster #1: Elapsed time is 3.547893 seconds.
Train GBM - Fold #4, Cluster #2: Elapsed time is 123.437467 seconds.
Run GBM - Fold #4, Cluster #2: Elapsed time is 1.502727 seconds.
Train GBM - Fold #4, Cluster #3: Elapsed time is 1064.966004 seconds.
Run GBM - Fold #4, Cluster #3: Elapsed time is 13.170963 seconds.
Train GBM - Fold #4, Cluster #4: Elapsed time is 84.573941 seconds.
Run GBM - Fold #4, Cluster #4: Elapsed time is 1.273994 seconds.
Train GBM - Fold #4, Cluster #5: Elapsed time is 1069.814511 seconds.
Run GBM - Fold #4, Cluster #5: Elapsed time is 12.602846 seconds.
Train GBM - Fold #4, Cluster #6: Elapsed time is 731.626465 seconds.
Run GBM - Fold #4, Cluster #6: Elapsed time is 9.854966 seconds.
Train GBM - Fold #4, Cluster #7: Elapsed time is 728.055501 seconds.
Run GBM - Fold #4, Cluster #7: Elapsed time is 8.942003 seconds.
Train GBM - Fold #4, Cluster #8: Elapsed time is 1263.757326 seconds.
Run GBM - Fold #4, Cluster #8: Elapsed time is 16.670024 seconds.
Train GBM - Fold #4, Cluster #9: Elapsed time is 166.111339 seconds.
Run GBM - Fold #4, Cluster #9: Elapsed time is 2.691395 seconds.
Train GBM - Fold #4, Cluster #10: Elapsed time is 166.551178 seconds.
Run GBM - Fold #4, Cluster #10: Elapsed time is 3.041932 seconds.
Train GBM - Fold #5, Cluster #1: Elapsed time is 226.032975 seconds.
Run GBM - Fold #5, Cluster #1: Elapsed time is 3.760275 seconds.
Train GBM - Fold #5, Cluster #2: Elapsed time is 99.331319 seconds.
Run GBM - Fold #5, Cluster #2: Elapsed time is 2.915059 seconds.
Train GBM - Fold #5, Cluster #3: Elapsed time is 1099.328415 seconds.
Run GBM - Fold #5, Cluster #3: Elapsed time is 12.565018 seconds.
Train GBM - Fold #5, Cluster #4: Elapsed time is 70.478149 seconds.
Run GBM - Fold #5, Cluster #4: Elapsed time is 2.193687 seconds.
Train GBM - Fold #5, Cluster #5: Elapsed time is 1053.832086 seconds.
Run GBM - Fold #5, Cluster #5: Elapsed time is 12.731425 seconds.
Train GBM - Fold #5, Cluster #6: Elapsed time is 712.181010 seconds.
Run GBM - Fold #5, Cluster #6: Elapsed time is 10.328876 seconds.
Train GBM - Fold #5, Cluster #7: Elapsed time is 719.388959 seconds.
Run GBM - Fold #5, Cluster #7: Elapsed time is 9.106447 seconds.
Train GBM - Fold #5, Cluster #8: Elapsed time is 1271.554416 seconds.
Run GBM - Fold #5, Cluster #8: Elapsed time is 17.332863 seconds.
Train GBM - Fold #5, Cluster #9: Elapsed time is 152.813511 seconds.
Run GBM - Fold #5, Cluster #9: Elapsed time is 3.386522 seconds.
