
                            < M A T L A B (R) >
                  Copyright 1984-2022 The MathWorks, Inc.
                  R2022b (9.13.0.2049777) 64-bit (glnxa64)
                              August 24, 2022

 
To get started, type doc.
For product information, visit www.mathworks.com.
 
Starting parallel pool (parpool) using the 'Processes' profile ...
Connected to the parallel pool (number of workers: 40).
Train RFR - Fold #1, Cluster #1: Elapsed time is 153.555955 seconds.
Run RFR - Fold #1, Cluster #1: Elapsed time is 39.928948 seconds.
Train RFR - Fold #1, Cluster #2: Elapsed time is 72.985433 seconds.
Run RFR - Fold #1, Cluster #2: Elapsed time is 32.125153 seconds.
Train RFR - Fold #1, Cluster #3: Elapsed time is 79.082910 seconds.
Run RFR - Fold #1, Cluster #3: Elapsed time is 24.343677 seconds.
Train RFR - Fold #1, Cluster #4: Elapsed time is 28.972268 seconds.
Run RFR - Fold #1, Cluster #4: Elapsed time is 18.475339 seconds.
Train RFR - Fold #1, Cluster #5: Elapsed time is 192.313439 seconds.
Run RFR - Fold #1, Cluster #5: Elapsed time is 44.477160 seconds.
Train RFR - Fold #1, Cluster #6: Elapsed time is 68.507478 seconds.
Run RFR - Fold #1, Cluster #6: Elapsed time is 23.213599 seconds.
Train RFR - Fold #1, Cluster #7: Elapsed time is 118.851134 seconds.
Run RFR - Fold #1, Cluster #7: Elapsed time is 39.120263 seconds.
Train RFR - Fold #1, Cluster #8: Elapsed time is 62.453055 seconds.
Run RFR - Fold #1, Cluster #8: Elapsed time is 32.989504 seconds.
Train RFR - Fold #1, Cluster #9: Elapsed time is 47.446202 seconds.
Run RFR - Fold #1, Cluster #9: Elapsed time is 32.852554 seconds.
Train RFR - Fold #1, Cluster #10: Elapsed time is 61.183631 seconds.
Run RFR - Fold #1, Cluster #10: Elapsed time is 25.834359 seconds.
Train RFR - Fold #2, Cluster #1: Elapsed time is 152.613259 seconds.
Run RFR - Fold #2, Cluster #1: Elapsed time is 39.495558 seconds.
Train RFR - Fold #2, Cluster #2: Elapsed time is 73.751306 seconds.
Run RFR - Fold #2, Cluster #2: Elapsed time is 32.617680 seconds.
Train RFR - Fold #2, Cluster #3: Elapsed time is 82.401436 seconds.
Run RFR - Fold #2, Cluster #3: Elapsed time is 23.911823 seconds.
Train RFR - Fold #2, Cluster #4: Elapsed time is 30.727267 seconds.
Run RFR - Fold #2, Cluster #4: Elapsed time is 18.079734 seconds.
Train RFR - Fold #2, Cluster #5: Elapsed time is 195.615811 seconds.
Run RFR - Fold #2, Cluster #5: Elapsed time is 44.506461 seconds.
Train RFR - Fold #2, Cluster #6: Elapsed time is 68.161897 seconds.
Run RFR - Fold #2, Cluster #6: Elapsed time is 23.372763 seconds.
Train RFR - Fold #2, Cluster #7: Elapsed time is 124.288930 seconds.
Run RFR - Fold #2, Cluster #7: Elapsed time is 39.557184 seconds.
Train RFR - Fold #2, Cluster #8: Elapsed time is 68.318412 seconds.
Run RFR - Fold #2, Cluster #8: Elapsed time is 31.288122 seconds.
Train RFR - Fold #2, Cluster #9: Elapsed time is 48.360111 seconds.
Run RFR - Fold #2, Cluster #9: Elapsed time is 32.781061 seconds.
Train RFR - Fold #2, Cluster #10: Elapsed time is 62.846929 seconds.
Run RFR - Fold #2, Cluster #10: Elapsed time is 26.002916 seconds.
Train RFR - Fold #3, Cluster #1: Elapsed time is 149.303129 seconds.
Run RFR - Fold #3, Cluster #1: Elapsed time is 38.917593 seconds.
Train RFR - Fold #3, Cluster #2: Elapsed time is 71.507421 seconds.
Run RFR - Fold #3, Cluster #2: Elapsed time is 32.821987 seconds.
Train RFR - Fold #3, Cluster #3: Elapsed time is 80.943824 seconds.
Run RFR - Fold #3, Cluster #3: Elapsed time is 24.805415 seconds.
Train RFR - Fold #3, Cluster #4: Elapsed time is 31.288119 seconds.
Run RFR - Fold #3, Cluster #4: Elapsed time is 18.110314 seconds.
Train RFR - Fold #3, Cluster #5: Elapsed time is 190.540013 seconds.
Run RFR - Fold #3, Cluster #5: Elapsed time is 44.614516 seconds.
Train RFR - Fold #3, Cluster #6: Elapsed time is 71.399375 seconds.
Run RFR - Fold #3, Cluster #6: Elapsed time is 23.442450 seconds.
Train RFR - Fold #3, Cluster #7: Elapsed time is 118.781455 seconds.
Run RFR - Fold #3, Cluster #7: Elapsed time is 39.520500 seconds.
Train RFR - Fold #3, Cluster #8: Elapsed time is 68.739220 seconds.
Run RFR - Fold #3, Cluster #8: Elapsed time is 31.845018 seconds.
Train RFR - Fold #3, Cluster #9: Elapsed time is 43.148832 seconds.
Run RFR - Fold #3, Cluster #9: Elapsed time is 31.819762 seconds.
Train RFR - Fold #3, Cluster #10: Elapsed time is 61.228750 seconds.
Run RFR - Fold #3, Cluster #10: Elapsed time is 26.085494 seconds.
Train RFR - Fold #4, Cluster #1: Elapsed time is 162.064156 seconds.
Run RFR - Fold #4, Cluster #1: Elapsed time is 37.221748 seconds.
Train RFR - Fold #4, Cluster #2: Elapsed time is 73.281619 seconds.
Run RFR - Fold #4, Cluster #2: Elapsed time is 32.592532 seconds.
Train RFR - Fold #4, Cluster #3: Elapsed time is 83.761642 seconds.
Run RFR - Fold #4, Cluster #3: Elapsed time is 23.360994 seconds.
Train RFR - Fold #4, Cluster #4: Elapsed time is 31.836066 seconds.
Run RFR - Fold #4, Cluster #4: Elapsed time is 17.695089 seconds.
Train RFR - Fold #4, Cluster #5: Elapsed time is 195.518507 seconds.
Run RFR - Fold #4, Cluster #5: Elapsed time is 44.374935 seconds.
Train RFR - Fold #4, Cluster #6: Elapsed time is 67.885840 seconds.
Run RFR - Fold #4, Cluster #6: Elapsed time is 23.646138 seconds.
Train RFR - Fold #4, Cluster #7: Elapsed time is 113.379299 seconds.
Run RFR - Fold #4, Cluster #7: Elapsed time is 40.845403 seconds.
Train RFR - Fold #4, Cluster #8: Elapsed time is 68.523119 seconds.
Run RFR - Fold #4, Cluster #8: Elapsed time is 31.692440 seconds.
Train RFR - Fold #4, Cluster #9: Elapsed time is 44.090637 seconds.
Run RFR - Fold #4, Cluster #9: Elapsed time is 32.608855 seconds.
Train RFR - Fold #4, Cluster #10: Elapsed time is 62.822977 seconds.
Run RFR - Fold #4, Cluster #10: Elapsed time is 25.363255 seconds.
Train RFR - Fold #5, Cluster #1: Elapsed time is 156.811726 seconds.
Run RFR - Fold #5, Cluster #1: Elapsed time is 40.424672 seconds.
Train RFR - Fold #5, Cluster #2: Elapsed time is 70.979541 seconds.
Run RFR - Fold #5, Cluster #2: Elapsed time is 32.825607 seconds.
Train RFR - Fold #5, Cluster #3: Elapsed time is 78.299571 seconds.
Run RFR - Fold #5, Cluster #3: Elapsed time is 24.051850 seconds.
Train RFR - Fold #5, Cluster #4: Elapsed time is 31.901600 seconds.
Run RFR - Fold #5, Cluster #4: Elapsed time is 17.215061 seconds.
Train RFR - Fold #5, Cluster #5: Elapsed time is 186.590564 seconds.
Run RFR - Fold #5, Cluster #5: Elapsed time is 44.511439 seconds.
Train RFR - Fold #5, Cluster #6: Elapsed time is 68.469294 seconds.
Run RFR - Fold #5, Cluster #6: Elapsed time is 24.276113 seconds.
Train RFR - Fold #5, Cluster #7: Elapsed time is 119.593750 seconds.
Run RFR - Fold #5, Cluster #7: Elapsed time is 39.038399 seconds.
Train RFR - Fold #5, Cluster #8: Elapsed time is 71.812406 seconds.
Run RFR - Fold #5, Cluster #8: Elapsed time is 31.664587 seconds.
Train RFR - Fold #5, Cluster #9: Elapsed time is 49.120957 seconds.
Run RFR - Fold #5, Cluster #9: Elapsed time is 32.674731 seconds.
Train RFR - Fold #5, Cluster #10: Elapsed time is 65.680508 seconds.
Run RFR - Fold #5, Cluster #10: Elapsed time is 25.799016 seconds.
Parallel pool using the 'Processes' profile is shutting down.
success!
