
                            < M A T L A B (R) >
                  Copyright 1984-2022 The MathWorks, Inc.
                  R2022b (9.13.0.2049777) 64-bit (glnxa64)
                              August 24, 2022

 
To get started, type doc.
For product information, visit www.mathworks.com.
 
Starting parallel pool (parpool) using the 'Processes' profile ...
Connected to the parallel pool (number of workers: 40).
Train RFR - Fold #1, Cluster #1: Elapsed time is 291.526464 seconds.
Run RFR - Fold #1, Cluster #1: Elapsed time is 56.931133 seconds.
  MException with properties:

    identifier: 'MATLAB:save:errorClosingFile'
       message: 'Unable to save file '/work2/noaa/hindcasts/GOBAI-O2-New_JS/Models/RFR/RFR_c10_Nov-2023_A_D/tr600_lf5/RFR_oxygen_C1_F1_test.mat'. The file could not be closed, and might now be corrupt.'
         cause: {}
         stack: [2x1 struct]
    Correction: []

Function: gobai_o2_kfold_train_rfr
Line: 5
Function: kfold_train_rfr
Line: 83
