
                            < M A T L A B (R) >
                  Copyright 1984-2022 The MathWorks, Inc.
                  R2022b (9.13.0.2049777) 64-bit (glnxa64)
                              August 24, 2022

 
To get started, type doc.
For product information, visit www.mathworks.com.
 
Starting parallel pool (parpool) using the 'Processes' profile ...
Connected to the parallel pool (number of workers: 40).
Train FFNN - Fold #1, Cluster #1: Elapsed time is 278.433137 seconds.
Run FFNN - Fold #1, Cluster #1: Elapsed time is 1.329400 seconds.
Train FFNN - Fold #1, Cluster #2: Elapsed time is 159.289040 seconds.
Run FFNN - Fold #1, Cluster #2: Elapsed time is 0.451944 seconds.
Train FFNN - Fold #1, Cluster #3: Elapsed time is 228.137589 seconds.
Run FFNN - Fold #1, Cluster #3: Elapsed time is 0.391614 seconds.
Train FFNN - Fold #1, Cluster #4: Elapsed time is 152.980544 seconds.
Run FFNN - Fold #1, Cluster #4: Elapsed time is 0.341563 seconds.
Train FFNN - Fold #1, Cluster #5: Elapsed time is 518.617524 seconds.
Run FFNN - Fold #1, Cluster #5: Elapsed time is 0.589759 seconds.
Train FFNN - Fold #1, Cluster #6: Elapsed time is 159.923356 seconds.
Run FFNN - Fold #1, Cluster #6: Elapsed time is 0.349890 seconds.
Train FFNN - Fold #1, Cluster #7: Elapsed time is 178.294654 seconds.
Run FFNN - Fold #1, Cluster #7: Elapsed time is 0.482192 seconds.
Train FFNN - Fold #1, Cluster #8: Elapsed time is 242.007610 seconds.
Run FFNN - Fold #1, Cluster #8: Elapsed time is 0.417141 seconds.
Train FFNN - Fold #1, Cluster #9: Elapsed time is 97.617943 seconds.
Run FFNN - Fold #1, Cluster #9: Elapsed time is 0.344224 seconds.
Train FFNN - Fold #1, Cluster #10: Elapsed time is 140.149057 seconds.
Run FFNN - Fold #1, Cluster #10: Elapsed time is 0.400638 seconds.
Train FFNN - Fold #2, Cluster #1: Elapsed time is 298.528064 seconds.
Run FFNN - Fold #2, Cluster #1: Elapsed time is 0.720462 seconds.
Train FFNN - Fold #2, Cluster #2: Elapsed time is 192.829826 seconds.
Run FFNN - Fold #2, Cluster #2: Elapsed time is 0.409084 seconds.
Train FFNN - Fold #2, Cluster #3: Elapsed time is 167.966864 seconds.
Run FFNN - Fold #2, Cluster #3: Elapsed time is 0.404315 seconds.
Train FFNN - Fold #2, Cluster #4: Elapsed time is 79.134575 seconds.
Run FFNN - Fold #2, Cluster #4: Elapsed time is 0.298955 seconds.
Train FFNN - Fold #2, Cluster #5: Elapsed time is 439.702761 seconds.
Run FFNN - Fold #2, Cluster #5: Elapsed time is 0.700779 seconds.
Train FFNN - Fold #2, Cluster #6: Elapsed time is 86.602933 seconds.
Run FFNN - Fold #2, Cluster #6: Elapsed time is 0.431512 seconds.
Train FFNN - Fold #2, Cluster #7: Elapsed time is 173.117651 seconds.
Run FFNN - Fold #2, Cluster #7: Elapsed time is 0.553017 seconds.
Train FFNN - Fold #2, Cluster #8: Elapsed time is 120.970411 seconds.
Run FFNN - Fold #2, Cluster #8: Elapsed time is 0.406948 seconds.
Train FFNN - Fold #2, Cluster #9: Elapsed time is 125.477351 seconds.
Run FFNN - Fold #2, Cluster #9: Elapsed time is 0.350895 seconds.
Train FFNN - Fold #2, Cluster #10: Elapsed time is 140.528146 seconds.
Run FFNN - Fold #2, Cluster #10: Elapsed time is 0.393286 seconds.
Train FFNN - Fold #3, Cluster #1: Elapsed time is 347.168303 seconds.
Run FFNN - Fold #3, Cluster #1: Elapsed time is 0.743135 seconds.
Train FFNN - Fold #3, Cluster #2: Elapsed time is 150.353580 seconds.
Run FFNN - Fold #3, Cluster #2: Elapsed time is 0.477798 seconds.
Train FFNN - Fold #3, Cluster #3: Elapsed time is 157.540426 seconds.
Run FFNN - Fold #3, Cluster #3: Elapsed time is 0.443610 seconds.
Train FFNN - Fold #3, Cluster #4: Elapsed time is 70.496826 seconds.
Run FFNN - Fold #3, Cluster #4: Elapsed time is 0.319991 seconds.
Train FFNN - Fold #3, Cluster #5: Elapsed time is 492.106975 seconds.
Run FFNN - Fold #3, Cluster #5: Elapsed time is 0.714739 seconds.
Train FFNN - Fold #3, Cluster #6: Elapsed time is 136.302805 seconds.
Run FFNN - Fold #3, Cluster #6: Elapsed time is 0.351129 seconds.
Train FFNN - Fold #3, Cluster #7: Elapsed time is 208.461948 seconds.
Run FFNN - Fold #3, Cluster #7: Elapsed time is 0.437394 seconds.
Train FFNN - Fold #3, Cluster #8: Elapsed time is 128.616541 seconds.
Run FFNN - Fold #3, Cluster #8: Elapsed time is 0.429757 seconds.
Train FFNN - Fold #3, Cluster #9: Elapsed time is 136.976638 seconds.
Run FFNN - Fold #3, Cluster #9: Elapsed time is 0.356314 seconds.
Train FFNN - Fold #3, Cluster #10: Elapsed time is 185.730657 seconds.
Run FFNN - Fold #3, Cluster #10: Elapsed time is 0.384961 seconds.
Train FFNN - Fold #4, Cluster #1: Elapsed time is 410.797403 seconds.
Run FFNN - Fold #4, Cluster #1: Elapsed time is 0.680990 seconds.
Train FFNN - Fold #4, Cluster #2: Elapsed time is 139.992578 seconds.
Run FFNN - Fold #4, Cluster #2: Elapsed time is 0.449177 seconds.
Train FFNN - Fold #4, Cluster #3: Elapsed time is 138.530711 seconds.
Run FFNN - Fold #4, Cluster #3: Elapsed time is 0.422143 seconds.
