
                            < M A T L A B (R) >
                  Copyright 1984-2022 The MathWorks, Inc.
                  R2022b (9.13.0.2049777) 64-bit (glnxa64)
                              August 24, 2022

 
To get started, type doc.
For product information, visit www.mathworks.com.
 
Starting parallel pool (parpool) using the 'Processes' profile ...
[Warning: The system time zone setting, 'US/Central', does not specify a single
time zone unambiguously. It will be treated as 'America/Chicago'. See the <a
href="matlab:doc('datetime.TimeZone')">datetime.TimeZone property</a> for
details about specifying time zones.] 
[> In verifyTimeZone (line 38)
In datetime (line 559)
In parallel.internal.pool.JavaBackedSessionNotifier>iLongToDatetime (line 128)
In parallel.internal.pool.JavaBackedSessionNotifier>iJavaDateToDatetime (line
148)
In parallel.internal.pool.JavaBackedSessionNotifier.sessionInfoFromJava (line
102)
In parallel.internal.pool/JavaBackedSessionNotifier/wrapNotificationMethod
(line 17)
In parallel.internal.pool/JavaBackedSessionNotifier/notifyAboutToStart (line
36)
In parallel.internal.pool.ISessionNotifier.buildAboutToStartInfo (line 34)
In parallel.internal.pool.argumentsParser>iPoolStartingMessage (line 188)
In parallel.internal.pool.argumentsParser>iGetClusterAndNumWorkers (line 108)
In parallel.internal.pool.argumentsParser (line 45)
In parallel.internal.pool.doParpool (line 17)
In parpool (line 127)
In parallel.internal.parpool.getOrCreateCurrentPool (line 17)
In gcp (line 45)
In nncalc.setup1>setupImpl (line 95)
In nncalc.setup1 (line 16)
In nncalc.setup (line 7)
In network/train (line 368)
In fit_FFNN (line 33)
In kfold_train_ffnn (line 68)
In gobai_o2_kfold_train_ffnn (line 5)
] 
Connected to the parallel pool (number of workers: 1).
Train FFNN - Fold #1, Cluster #1: Elapsed time is 391.057590 seconds.
Run FFNN - Fold #1, Cluster #1: Elapsed time is 0.439047 seconds.
Train FFNN - Fold #1, Cluster #2: Elapsed time is 8023.141734 seconds.
Run FFNN - Fold #1, Cluster #2: Elapsed time is 0.640972 seconds.
Train FFNN - Fold #1, Cluster #3: Elapsed time is 2375.211717 seconds.
Run FFNN - Fold #1, Cluster #3: Elapsed time is 0.307325 seconds.
Train FFNN - Fold #1, Cluster #4: Elapsed time is 840.012630 seconds.
Run FFNN - Fold #1, Cluster #4: Elapsed time is 0.201517 seconds.
Train FFNN - Fold #1, Cluster #5: Elapsed time is 4163.840801 seconds.
Run FFNN - Fold #1, Cluster #5: Elapsed time is 0.398844 seconds.
Train FFNN - Fold #1, Cluster #6: Elapsed time is 5281.530157 seconds.
Run FFNN - Fold #1, Cluster #6: Elapsed time is 0.417067 seconds.
Train FFNN - Fold #1, Cluster #7: Elapsed time is 2165.454265 seconds.
Run FFNN - Fold #1, Cluster #7: Elapsed time is 0.325609 seconds.
Train FFNN - Fold #1, Cluster #8: Elapsed time is 3618.776666 seconds.
Run FFNN - Fold #1, Cluster #8: Elapsed time is 0.425577 seconds.
