
                            < M A T L A B (R) >
                  Copyright 1984-2022 The MathWorks, Inc.
                  R2022b (9.13.0.2049777) 64-bit (glnxa64)
                              August 24, 2022

 
To get started, type doc.
For product information, visit www.mathworks.com.
 
Starting parallel pool (parpool) using the 'Processes' profile ...
[Warning: The system time zone setting, 'US/Central', does not specify a single
time zone unambiguously. It will be treated as 'America/Chicago'. See the <a
href="matlab:doc('datetime.TimeZone')">datetime.TimeZone property</a> for
details about specifying time zones.] 
[> In verifyTimeZone (line 38)
In datetime (line 559)
In parallel.internal.pool.JavaBackedSessionNotifier>iLongToDatetime (line 128)
In parallel.internal.pool.JavaBackedSessionNotifier>iJavaDateToDatetime (line
148)
In parallel.internal.pool.JavaBackedSessionNotifier.sessionInfoFromJava (line
102)
In parallel.internal.pool/JavaBackedSessionNotifier/wrapNotificationMethod
(line 17)
In parallel.internal.pool/JavaBackedSessionNotifier/notifyAboutToStart (line
36)
In parallel.internal.pool.ISessionNotifier.buildAboutToStartInfo (line 34)
In parallel.internal.pool.argumentsParser>iPoolStartingMessage (line 188)
In parallel.internal.pool.argumentsParser>iGetClusterAndNumWorkers (line 108)
In parallel.internal.pool.argumentsParser (line 45)
In parallel.internal.pool.doParpool (line 17)
In parpool (line 127)
In train_rfr (line 52)
In gobai_o2_train_rfr (line 5)
] 
Connected to the parallel pool (number of workers: 40).
Train RFR - Cluster #1: Elapsed time is 266.625996 seconds.
Train RFR - Cluster #2: Elapsed time is 331.043584 seconds.
Train RFR - Cluster #3: Elapsed time is 478.232867 seconds.
Train RFR - Cluster #4: Elapsed time is 309.311297 seconds.
Train RFR - Cluster #5: Elapsed time is 199.923736 seconds.
Train RFR - Cluster #6: Elapsed time is 271.619063 seconds.
Train RFR - Cluster #7: Elapsed time is 200.894931 seconds.
Train RFR - Cluster #8: Elapsed time is 12.943854 seconds.
Train RFR - Cluster #9: Elapsed time is 209.946602 seconds.
Train RFR - Cluster #10: Elapsed time is 260.113185 seconds.
Train RFR - Cluster #11: Elapsed time is 76.373095 seconds.
Train RFR - Cluster #12: Elapsed time is 145.339265 seconds.
  MException with properties:

    identifier: 'stats:classreg:learning:FullClassificationRegressionModel:prepareDataCR:NoData'
       message: 'Empty X or Y not supported.'
         cause: {}
         stack: [7x1 struct]
    Correction: []

Function: gobai_o2_train_rfr
Line: 5
Function: train_rfr
Line: 62
Function: fit_RFR
Line: 21
Function: TreeBagger.TreeBagger
Line: 621
Function: TreeBagger.init
Line: 1358
Function: RegressionTree.prepareData
Line: 162
Function: FullClassificationRegressionModel.prepareDataCR
Line: 226
