
                            < M A T L A B (R) >
                  Copyright 1984-2022 The MathWorks, Inc.
                  R2022b (9.13.0.2049777) 64-bit (glnxa64)
                              August 24, 2022

 
To get started, type doc.
For product information, visit www.mathworks.com.
 
Starting parallel pool (parpool) using the 'Processes' profile ...
[Warning: The system time zone setting, 'US/Central', does not specify a single
time zone unambiguously. It will be treated as 'America/Chicago'. See the <a
href="matlab:doc('datetime.TimeZone')">datetime.TimeZone property</a> for
details about specifying time zones.] 
[> In verifyTimeZone (line 38)
In datetime (line 559)
In parallel.internal.pool.JavaBackedSessionNotifier>iLongToDatetime (line 128)
In parallel.internal.pool.JavaBackedSessionNotifier>iJavaDateToDatetime (line
148)
In parallel.internal.pool.JavaBackedSessionNotifier.sessionInfoFromJava (line
102)
In parallel.internal.pool/JavaBackedSessionNotifier/wrapNotificationMethod
(line 17)
In parallel.internal.pool/JavaBackedSessionNotifier/notifyAboutToStart (line
36)
In parallel.internal.pool.ISessionNotifier.buildAboutToStartInfo (line 34)
In parallel.internal.pool.argumentsParser>iPoolStartingMessage (line 188)
In parallel.internal.pool.argumentsParser>iGetClusterAndNumWorkers (line 108)
In parallel.internal.pool.argumentsParser (line 45)
In parallel.internal.pool.doParpool (line 17)
In parpool (line 127)
In train_rfr (line 52)
In gobai_o2_train_rfr (line 5)
] 
Connected to the parallel pool (number of workers: 40).
Train RFR - Cluster #1: Elapsed time is 85.348909 seconds.
Train RFR - Cluster #2: Elapsed time is 420.512537 seconds.
Train RFR - Cluster #3: Elapsed time is 180.520907 seconds.
Train RFR - Cluster #4: Elapsed time is 102.746681 seconds.
Train RFR - Cluster #5: Elapsed time is 201.457522 seconds.
Train RFR - Cluster #6: Elapsed time is 328.994597 seconds.
Train RFR - Cluster #7: Elapsed time is 181.840192 seconds.
Train RFR - Cluster #8: Elapsed time is 324.334280 seconds.
Train RFR - Cluster #9: Elapsed time is 255.424440 seconds.
Train RFR - Cluster #10: Elapsed time is 178.915757 seconds.
Train RFR - Cluster #11: Elapsed time is 261.365443 seconds.
Train RFR - Cluster #12: Elapsed time is 160.140038 seconds.
Train RFR - Cluster #13: Elapsed time is 112.906523 seconds.
Train RFR - Cluster #14: Elapsed time is 189.685587 seconds.
Train RFR - Cluster #15: Elapsed time is 129.371243 seconds.
Parallel pool using the 'Processes' profile is shutting down.
RFR Training: Elapsed time is 139.594616 seconds.
  MException with properties:

    identifier: 'MATLAB:UndefinedFunction'
       message: 'Unrecognized function or variable 'ffnn_dir'.'
         cause: {}
         stack: [3x1 struct]
    Correction: []

Function: gobai_o2_train_rfr
Line: 5
Function: train_rfr
Line: 208
Function: apply_rfr_model
Line: 285
