
                            < M A T L A B (R) >
                  Copyright 1984-2022 The MathWorks, Inc.
                  R2022b (9.13.0.2049777) 64-bit (glnxa64)
                              August 24, 2022

 
To get started, type doc.
For product information, visit www.mathworks.com.
 
Train GBM - Fold #1, Cluster #1: Elapsed time is 492.710220 seconds.
Run GBM - Fold #1, Cluster #1: Elapsed time is 6.822374 seconds.
Train GBM - Fold #1, Cluster #2: Elapsed time is 243.591292 seconds.
Run GBM - Fold #1, Cluster #2: Elapsed time is 2.958234 seconds.
Train GBM - Fold #1, Cluster #3: Elapsed time is 230.677082 seconds.
Run GBM - Fold #1, Cluster #3: Elapsed time is 2.786022 seconds.
Train GBM - Fold #1, Cluster #4: Elapsed time is 111.898491 seconds.
Run GBM - Fold #1, Cluster #4: Elapsed time is 2.161650 seconds.
Train GBM - Fold #1, Cluster #5: Elapsed time is 476.912398 seconds.
Run GBM - Fold #1, Cluster #5: Elapsed time is 4.635535 seconds.
Train GBM - Fold #1, Cluster #6: Elapsed time is 184.768283 seconds.
Run GBM - Fold #1, Cluster #6: Elapsed time is 2.398769 seconds.
Train GBM - Fold #1, Cluster #7: Elapsed time is 259.987552 seconds.
Run GBM - Fold #1, Cluster #7: Elapsed time is 3.524713 seconds.
Train GBM - Fold #1, Cluster #8: Elapsed time is 230.781789 seconds.
Run GBM - Fold #1, Cluster #8: Elapsed time is 3.182793 seconds.
Train GBM - Fold #1, Cluster #9: Elapsed time is 156.693385 seconds.
Run GBM - Fold #1, Cluster #9: Elapsed time is 2.245571 seconds.
Train GBM - Fold #1, Cluster #10: Elapsed time is 210.901414 seconds.
Run GBM - Fold #1, Cluster #10: Elapsed time is 2.962150 seconds.
Train GBM - Fold #2, Cluster #1: Elapsed time is 495.260379 seconds.
Run GBM - Fold #2, Cluster #1: Elapsed time is 6.006051 seconds.
Train GBM - Fold #2, Cluster #2: Elapsed time is 239.036545 seconds.
Run GBM - Fold #2, Cluster #2: Elapsed time is 3.024595 seconds.
Train GBM - Fold #2, Cluster #3: Elapsed time is 224.698648 seconds.
Run GBM - Fold #2, Cluster #3: Elapsed time is 2.954185 seconds.
Train GBM - Fold #2, Cluster #4: Elapsed time is 124.347827 seconds.
Run GBM - Fold #2, Cluster #4: Elapsed time is 1.613058 seconds.
Train GBM - Fold #2, Cluster #5: Elapsed time is 444.571137 seconds.
Run GBM - Fold #2, Cluster #5: Elapsed time is 5.746054 seconds.
Train GBM - Fold #2, Cluster #6: Elapsed time is 152.954905 seconds.
Run GBM - Fold #2, Cluster #6: Elapsed time is 3.418673 seconds.
Train GBM - Fold #2, Cluster #7: Elapsed time is 235.674883 seconds.
Run GBM - Fold #2, Cluster #7: Elapsed time is 4.615054 seconds.
Train GBM - Fold #2, Cluster #8: Elapsed time is 232.310566 seconds.
Run GBM - Fold #2, Cluster #8: Elapsed time is 3.000307 seconds.
Train GBM - Fold #2, Cluster #9: Elapsed time is 154.632979 seconds.
Run GBM - Fold #2, Cluster #9: Elapsed time is 2.352181 seconds.
Train GBM - Fold #2, Cluster #10: Elapsed time is 215.170448 seconds.
Run GBM - Fold #2, Cluster #10: Elapsed time is 2.935448 seconds.
Train GBM - Fold #3, Cluster #1: Elapsed time is 486.068477 seconds.
Run GBM - Fold #3, Cluster #1: Elapsed time is 6.484516 seconds.
Train GBM - Fold #3, Cluster #2: Elapsed time is 220.699963 seconds.
Run GBM - Fold #3, Cluster #2: Elapsed time is 4.032380 seconds.
Train GBM - Fold #3, Cluster #3: Elapsed time is 212.775608 seconds.
Run GBM - Fold #3, Cluster #3: Elapsed time is 3.509703 seconds.
Train GBM - Fold #3, Cluster #4: Elapsed time is 118.574781 seconds.
Run GBM - Fold #3, Cluster #4: Elapsed time is 1.925083 seconds.
