
                            < M A T L A B (R) >
                  Copyright 1984-2022 The MathWorks, Inc.
                  R2022b (9.13.0.2049777) 64-bit (glnxa64)
                              August 24, 2022

 
To get started, type doc.
For product information, visit www.mathworks.com.
 
Starting parallel pool (parpool) using the 'Processes' profile ...
Connected to the parallel pool (number of workers: 40).
Train RFR - Fold #1, Cluster #1: Elapsed time is 210.504780 seconds.
Run RFR - Fold #1, Cluster #1: Elapsed time is 45.225811 seconds.
Train RFR - Fold #1, Cluster #2: Elapsed time is 283.433050 seconds.
Run RFR - Fold #1, Cluster #2: Elapsed time is 73.799137 seconds.
Train RFR - Fold #1, Cluster #3: Elapsed time is 71.441415 seconds.
Run RFR - Fold #1, Cluster #3: Elapsed time is 23.231798 seconds.
Train RFR - Fold #1, Cluster #4: Elapsed time is 118.563389 seconds.
Run RFR - Fold #1, Cluster #4: Elapsed time is 49.043433 seconds.
Train RFR - Fold #1, Cluster #5: Elapsed time is 249.239656 seconds.
Run RFR - Fold #1, Cluster #5: Elapsed time is 70.430744 seconds.
Train RFR - Fold #2, Cluster #1: Elapsed time is 217.513159 seconds.
Run RFR - Fold #2, Cluster #1: Elapsed time is 43.408116 seconds.
Train RFR - Fold #2, Cluster #2: Elapsed time is 299.068779 seconds.
Run RFR - Fold #2, Cluster #2: Elapsed time is 70.501992 seconds.
Train RFR - Fold #2, Cluster #3: Elapsed time is 71.594712 seconds.
Run RFR - Fold #2, Cluster #3: Elapsed time is 22.006179 seconds.
Train RFR - Fold #2, Cluster #4: Elapsed time is 120.872680 seconds.
Run RFR - Fold #2, Cluster #4: Elapsed time is 48.394446 seconds.
Train RFR - Fold #2, Cluster #5: Elapsed time is 253.752583 seconds.
Run RFR - Fold #2, Cluster #5: Elapsed time is 62.900766 seconds.
Train RFR - Fold #3, Cluster #1: Elapsed time is 213.059716 seconds.
Run RFR - Fold #3, Cluster #1: Elapsed time is 43.854265 seconds.
Train RFR - Fold #3, Cluster #2: Elapsed time is 286.023847 seconds.
Run RFR - Fold #3, Cluster #2: Elapsed time is 66.900265 seconds.
Train RFR - Fold #3, Cluster #3: Elapsed time is 71.168728 seconds.
Run RFR - Fold #3, Cluster #3: Elapsed time is 22.463692 seconds.
Train RFR - Fold #3, Cluster #4: Elapsed time is 113.384152 seconds.
Run RFR - Fold #3, Cluster #4: Elapsed time is 51.060365 seconds.
Train RFR - Fold #3, Cluster #5: Elapsed time is 252.604288 seconds.
Run RFR - Fold #3, Cluster #5: Elapsed time is 63.381322 seconds.
Train RFR - Fold #4, Cluster #1: Elapsed time is 218.867788 seconds.
Run RFR - Fold #4, Cluster #1: Elapsed time is 42.865592 seconds.
Train RFR - Fold #4, Cluster #2: Elapsed time is 274.451246 seconds.
Run RFR - Fold #4, Cluster #2: Elapsed time is 66.767600 seconds.
Train RFR - Fold #4, Cluster #3: Elapsed time is 71.305259 seconds.
Run RFR - Fold #4, Cluster #3: Elapsed time is 22.241242 seconds.
Train RFR - Fold #4, Cluster #4: Elapsed time is 114.166594 seconds.
Run RFR - Fold #4, Cluster #4: Elapsed time is 51.745862 seconds.
Train RFR - Fold #4, Cluster #5: Elapsed time is 260.799983 seconds.
Run RFR - Fold #4, Cluster #5: Elapsed time is 66.247271 seconds.
Train RFR - Fold #5, Cluster #1: Elapsed time is 211.356429 seconds.
Run RFR - Fold #5, Cluster #1: Elapsed time is 44.702254 seconds.
Train RFR - Fold #5, Cluster #2: Elapsed time is 279.976245 seconds.
Run RFR - Fold #5, Cluster #2: Elapsed time is 67.827302 seconds.
Train RFR - Fold #5, Cluster #3: Elapsed time is 68.036952 seconds.
Run RFR - Fold #5, Cluster #3: Elapsed time is 22.847779 seconds.
Train RFR - Fold #5, Cluster #4: Elapsed time is 120.007457 seconds.
Run RFR - Fold #5, Cluster #4: Elapsed time is 48.346565 seconds.
Train RFR - Fold #5, Cluster #5: Elapsed time is 247.349862 seconds.
Run RFR - Fold #5, Cluster #5: Elapsed time is 63.671701 seconds.
Parallel pool using the 'Processes' profile is shutting down.
success!
