
                            < M A T L A B (R) >
                  Copyright 1984-2022 The MathWorks, Inc.
                  R2022b (9.13.0.2049777) 64-bit (glnxa64)
                              August 24, 2022

 
To get started, type doc.
For product information, visit www.mathworks.com.
 
Starting parallel pool (parpool) using the 'Processes' profile ...
Connected to the parallel pool (number of workers: 40).
Train FFNN - Fold #1, Cluster #1: Elapsed time is 77.855462 seconds.
Run FFNN - Fold #1, Cluster #1: Elapsed time is 0.397417 seconds.
Train FFNN - Fold #1, Cluster #2: Elapsed time is 175.377248 seconds.
Run FFNN - Fold #1, Cluster #2: Elapsed time is 0.395796 seconds.
Train FFNN - Fold #1, Cluster #3: Elapsed time is 79.794424 seconds.
Run FFNN - Fold #1, Cluster #3: Elapsed time is 0.289661 seconds.
Train FFNN - Fold #1, Cluster #4: Elapsed time is 221.068201 seconds.
Run FFNN - Fold #1, Cluster #4: Elapsed time is 0.378834 seconds.
Train FFNN - Fold #1, Cluster #5: Elapsed time is 73.048265 seconds.
Run FFNN - Fold #1, Cluster #5: Elapsed time is 0.267482 seconds.
Train FFNN - Fold #1, Cluster #6: Elapsed time is 61.944924 seconds.
Run FFNN - Fold #1, Cluster #6: Elapsed time is 0.169855 seconds.
Train FFNN - Fold #1, Cluster #7: Elapsed time is 16.976408 seconds.
Run FFNN - Fold #1, Cluster #7: Elapsed time is 0.165189 seconds.
Train FFNN - Fold #1, Cluster #8: Elapsed time is 36.415735 seconds.
Run FFNN - Fold #1, Cluster #8: Elapsed time is 0.229382 seconds.
Train FFNN - Fold #1, Cluster #9: Elapsed time is 148.829399 seconds.
Run FFNN - Fold #1, Cluster #9: Elapsed time is 0.272816 seconds.
Train FFNN - Fold #1, Cluster #10: Elapsed time is 173.569557 seconds.
Run FFNN - Fold #1, Cluster #10: Elapsed time is 0.372247 seconds.
Train FFNN - Fold #1, Cluster #11: Elapsed time is 77.176057 seconds.
Run FFNN - Fold #1, Cluster #11: Elapsed time is 0.269181 seconds.
Train FFNN - Fold #1, Cluster #12: Elapsed time is 27.364425 seconds.
Run FFNN - Fold #1, Cluster #12: Elapsed time is 0.201928 seconds.
Train FFNN - Fold #1, Cluster #13: Elapsed time is 89.336584 seconds.
Run FFNN - Fold #1, Cluster #13: Elapsed time is 0.229410 seconds.
Train FFNN - Fold #1, Cluster #14: Elapsed time is 37.534925 seconds.
Run FFNN - Fold #1, Cluster #14: Elapsed time is 0.186319 seconds.
Train FFNN - Fold #1, Cluster #15: Elapsed time is 84.585461 seconds.
Run FFNN - Fold #1, Cluster #15: Elapsed time is 0.275331 seconds.
Train FFNN - Fold #1, Cluster #16: Elapsed time is 20.706228 seconds.
Run FFNN - Fold #1, Cluster #16: Elapsed time is 0.167352 seconds.
Train FFNN - Fold #1, Cluster #17: Elapsed time is 99.024215 seconds.
Run FFNN - Fold #1, Cluster #17: Elapsed time is 0.323670 seconds.
Train FFNN - Fold #1, Cluster #18: Elapsed time is 15.902132 seconds.
Run FFNN - Fold #1, Cluster #18: Elapsed time is 0.184433 seconds.
Train FFNN - Fold #1, Cluster #19: Elapsed time is 139.931736 seconds.
Run FFNN - Fold #1, Cluster #19: Elapsed time is 0.318510 seconds.
Train FFNN - Fold #1, Cluster #20: Elapsed time is 80.400912 seconds.
Run FFNN - Fold #1, Cluster #20: Elapsed time is 0.206974 seconds.
Train FFNN - Fold #2, Cluster #1: Elapsed time is 58.044712 seconds.
Run FFNN - Fold #2, Cluster #1: Elapsed time is 0.195614 seconds.
Train FFNN - Fold #2, Cluster #2: Elapsed time is 103.942574 seconds.
Run FFNN - Fold #2, Cluster #2: Elapsed time is 0.274505 seconds.
Train FFNN - Fold #2, Cluster #3: Elapsed time is 78.473092 seconds.
Run FFNN - Fold #2, Cluster #3: Elapsed time is 0.276038 seconds.
Train FFNN - Fold #2, Cluster #4: Elapsed time is 208.755359 seconds.
Run FFNN - Fold #2, Cluster #4: Elapsed time is 0.353470 seconds.
Train FFNN - Fold #2, Cluster #5: Elapsed time is 69.521984 seconds.
Run FFNN - Fold #2, Cluster #5: Elapsed time is 0.274317 seconds.
Train FFNN - Fold #2, Cluster #6: Elapsed time is 40.152258 seconds.
Run FFNN - Fold #2, Cluster #6: Elapsed time is 0.173164 seconds.
Train FFNN - Fold #2, Cluster #7: Elapsed time is 19.381950 seconds.
Run FFNN - Fold #2, Cluster #7: Elapsed time is 0.170512 seconds.
Train FFNN - Fold #2, Cluster #8: Elapsed time is 61.180582 seconds.
Run FFNN - Fold #2, Cluster #8: Elapsed time is 0.260958 seconds.
Train FFNN - Fold #2, Cluster #9: Elapsed time is 195.990156 seconds.
Run FFNN - Fold #2, Cluster #9: Elapsed time is 0.260718 seconds.
Train FFNN - Fold #2, Cluster #10: Elapsed time is 191.092038 seconds.
Run FFNN - Fold #2, Cluster #10: Elapsed time is 0.318577 seconds.
Train FFNN - Fold #2, Cluster #11: Elapsed time is 151.722745 seconds.
Run FFNN - Fold #2, Cluster #11: Elapsed time is 0.232273 seconds.
Train FFNN - Fold #2, Cluster #12: Elapsed time is 29.024385 seconds.
Run FFNN - Fold #2, Cluster #12: Elapsed time is 0.185906 seconds.
Train FFNN - Fold #2, Cluster #13: Elapsed time is 85.477390 seconds.
Run FFNN - Fold #2, Cluster #13: Elapsed time is 0.211472 seconds.
Train FFNN - Fold #2, Cluster #14: Elapsed time is 39.617640 seconds.
Run FFNN - Fold #2, Cluster #14: Elapsed time is 0.205009 seconds.
Train FFNN - Fold #2, Cluster #15: Elapsed time is 40.329695 seconds.
Run FFNN - Fold #2, Cluster #15: Elapsed time is 0.249873 seconds.
Train FFNN - Fold #2, Cluster #16: Elapsed time is 26.222532 seconds.
Run FFNN - Fold #2, Cluster #16: Elapsed time is 0.168063 seconds.
Train FFNN - Fold #2, Cluster #17: Elapsed time is 120.231560 seconds.
Run FFNN - Fold #2, Cluster #17: Elapsed time is 0.243234 seconds.
Train FFNN - Fold #2, Cluster #18: Elapsed time is 29.766942 seconds.
Run FFNN - Fold #2, Cluster #18: Elapsed time is 0.195392 seconds.
Train FFNN - Fold #2, Cluster #19: Elapsed time is 192.369145 seconds.
Run FFNN - Fold #2, Cluster #19: Elapsed time is 0.375346 seconds.
Train FFNN - Fold #2, Cluster #20: Elapsed time is 35.889944 seconds.
Run FFNN - Fold #2, Cluster #20: Elapsed time is 0.205515 seconds.
Train FFNN - Fold #3, Cluster #1: Elapsed time is 34.537617 seconds.
Run FFNN - Fold #3, Cluster #1: Elapsed time is 0.216173 seconds.
Train FFNN - Fold #3, Cluster #2: Elapsed time is 147.768871 seconds.
Run FFNN - Fold #3, Cluster #2: Elapsed time is 0.293100 seconds.
Train FFNN - Fold #3, Cluster #3: Elapsed time is 86.674749 seconds.
Run FFNN - Fold #3, Cluster #3: Elapsed time is 0.283217 seconds.
Train FFNN - Fold #3, Cluster #4: Elapsed time is 92.437560 seconds.
Run FFNN - Fold #3, Cluster #4: Elapsed time is 0.303926 seconds.
Train FFNN - Fold #3, Cluster #5: Elapsed time is 75.069883 seconds.
Run FFNN - Fold #3, Cluster #5: Elapsed time is 0.273530 seconds.
Train FFNN - Fold #3, Cluster #6: Elapsed time is 52.972163 seconds.
Run FFNN - Fold #3, Cluster #6: Elapsed time is 0.194435 seconds.
Train FFNN - Fold #3, Cluster #7: Elapsed time is 17.046987 seconds.
Run FFNN - Fold #3, Cluster #7: Elapsed time is 0.176416 seconds.
Train FFNN - Fold #3, Cluster #8: Elapsed time is 45.432374 seconds.
Run FFNN - Fold #3, Cluster #8: Elapsed time is 0.286713 seconds.
Train FFNN - Fold #3, Cluster #9: Elapsed time is 115.112767 seconds.
Run FFNN - Fold #3, Cluster #9: Elapsed time is 0.251680 seconds.
Train FFNN - Fold #3, Cluster #10: Elapsed time is 191.473518 seconds.
Run FFNN - Fold #3, Cluster #10: Elapsed time is 0.340689 seconds.
Train FFNN - Fold #3, Cluster #11: Elapsed time is 85.383234 seconds.
Run FFNN - Fold #3, Cluster #11: Elapsed time is 0.248930 seconds.
Train FFNN - Fold #3, Cluster #12: Elapsed time is 30.001118 seconds.
Run FFNN - Fold #3, Cluster #12: Elapsed time is 0.189833 seconds.
Train FFNN - Fold #3, Cluster #13: Elapsed time is 68.045894 seconds.
Run FFNN - Fold #3, Cluster #13: Elapsed time is 0.217447 seconds.
Train FFNN - Fold #3, Cluster #14: Elapsed time is 45.475189 seconds.
Run FFNN - Fold #3, Cluster #14: Elapsed time is 0.195911 seconds.
Train FFNN - Fold #3, Cluster #15: Elapsed time is 57.051551 seconds.
Run FFNN - Fold #3, Cluster #15: Elapsed time is 0.234231 seconds.
Train FFNN - Fold #3, Cluster #16: Elapsed time is 18.627859 seconds.
Run FFNN - Fold #3, Cluster #16: Elapsed time is 0.175832 seconds.
Train FFNN - Fold #3, Cluster #17: Elapsed time is 112.292338 seconds.
Run FFNN - Fold #3, Cluster #17: Elapsed time is 0.268395 seconds.
Train FFNN - Fold #3, Cluster #18: Elapsed time is 35.903405 seconds.
Run FFNN - Fold #3, Cluster #18: Elapsed time is 0.189742 seconds.
Train FFNN - Fold #3, Cluster #19: Elapsed time is 137.632578 seconds.
Run FFNN - Fold #3, Cluster #19: Elapsed time is 0.335175 seconds.
Train FFNN - Fold #3, Cluster #20: Elapsed time is 49.355830 seconds.
Run FFNN - Fold #3, Cluster #20: Elapsed time is 0.196274 seconds.
Train FFNN - Fold #4, Cluster #1: Elapsed time is 32.626660 seconds.
Run FFNN - Fold #4, Cluster #1: Elapsed time is 0.205701 seconds.
Train FFNN - Fold #4, Cluster #2: Elapsed time is 53.051901 seconds.
Run FFNN - Fold #4, Cluster #2: Elapsed time is 0.318101 seconds.
Train FFNN - Fold #4, Cluster #3: Elapsed time is 83.179272 seconds.
Run FFNN - Fold #4, Cluster #3: Elapsed time is 0.236814 seconds.
Train FFNN - Fold #4, Cluster #4: Elapsed time is 110.096881 seconds.
Run FFNN - Fold #4, Cluster #4: Elapsed time is 0.304818 seconds.
Train FFNN - Fold #4, Cluster #5: Elapsed time is 90.415978 seconds.
Run FFNN - Fold #4, Cluster #5: Elapsed time is 0.300165 seconds.
Train FFNN - Fold #4, Cluster #6: Elapsed time is 25.642611 seconds.
Run FFNN - Fold #4, Cluster #6: Elapsed time is 0.189185 seconds.
Train FFNN - Fold #4, Cluster #7: Elapsed time is 18.577343 seconds.
Run FFNN - Fold #4, Cluster #7: Elapsed time is 0.181437 seconds.
Train FFNN - Fold #4, Cluster #8: Elapsed time is 64.988684 seconds.
Run FFNN - Fold #4, Cluster #8: Elapsed time is 0.231742 seconds.
Train FFNN - Fold #4, Cluster #9: Elapsed time is 159.989023 seconds.
Run FFNN - Fold #4, Cluster #9: Elapsed time is 0.260501 seconds.
Train FFNN - Fold #4, Cluster #10: Elapsed time is 185.905390 seconds.
Run FFNN - Fold #4, Cluster #10: Elapsed time is 0.275974 seconds.
Train FFNN - Fold #4, Cluster #11: Elapsed time is 143.447014 seconds.
Run FFNN - Fold #4, Cluster #11: Elapsed time is 0.259522 seconds.
Train FFNN - Fold #4, Cluster #12: Elapsed time is 24.644849 seconds.
Run FFNN - Fold #4, Cluster #12: Elapsed time is 0.191830 seconds.
Train FFNN - Fold #4, Cluster #13: Elapsed time is 61.529145 seconds.
Run FFNN - Fold #4, Cluster #13: Elapsed time is 0.228494 seconds.
Train FFNN - Fold #4, Cluster #14: Elapsed time is 35.990278 seconds.
Run FFNN - Fold #4, Cluster #14: Elapsed time is 0.189691 seconds.
Train FFNN - Fold #4, Cluster #15: Elapsed time is 68.180312 seconds.
Run FFNN - Fold #4, Cluster #15: Elapsed time is 0.238357 seconds.
Train FFNN - Fold #4, Cluster #16: Elapsed time is 19.226193 seconds.
Run FFNN - Fold #4, Cluster #16: Elapsed time is 0.173594 seconds.
Train FFNN - Fold #4, Cluster #17: Elapsed time is 37.962298 seconds.
Run FFNN - Fold #4, Cluster #17: Elapsed time is 0.267183 seconds.
Train FFNN - Fold #4, Cluster #18: Elapsed time is 32.026528 seconds.
Run FFNN - Fold #4, Cluster #18: Elapsed time is 0.178620 seconds.
Train FFNN - Fold #4, Cluster #19: Elapsed time is 199.946322 seconds.
Run FFNN - Fold #4, Cluster #19: Elapsed time is 0.300252 seconds.
Train FFNN - Fold #4, Cluster #20: Elapsed time is 45.879536 seconds.
Run FFNN - Fold #4, Cluster #20: Elapsed time is 0.208174 seconds.
Train FFNN - Fold #5, Cluster #1: Elapsed time is 22.360730 seconds.
Run FFNN - Fold #5, Cluster #1: Elapsed time is 0.191995 seconds.
Train FFNN - Fold #5, Cluster #2: Elapsed time is 126.347049 seconds.
Run FFNN - Fold #5, Cluster #2: Elapsed time is 0.280266 seconds.
Train FFNN - Fold #5, Cluster #3: Elapsed time is 91.655087 seconds.
Run FFNN - Fold #5, Cluster #3: Elapsed time is 0.275180 seconds.
Train FFNN - Fold #5, Cluster #4: Elapsed time is 168.456107 seconds.
Run FFNN - Fold #5, Cluster #4: Elapsed time is 0.290421 seconds.
Train FFNN - Fold #5, Cluster #5: Elapsed time is 72.054682 seconds.
Run FFNN - Fold #5, Cluster #5: Elapsed time is 0.288401 seconds.
Train FFNN - Fold #5, Cluster #6: Elapsed time is 34.885375 seconds.
Run FFNN - Fold #5, Cluster #6: Elapsed time is 0.170342 seconds.
Train FFNN - Fold #5, Cluster #7: Elapsed time is 17.099526 seconds.
Run FFNN - Fold #5, Cluster #7: Elapsed time is 0.194418 seconds.
Train FFNN - Fold #5, Cluster #8: Elapsed time is 47.994910 seconds.
Run FFNN - Fold #5, Cluster #8: Elapsed time is 0.258012 seconds.
Train FFNN - Fold #5, Cluster #9: Elapsed time is 115.725261 seconds.
Run FFNN - Fold #5, Cluster #9: Elapsed time is 0.378999 seconds.
Train FFNN - Fold #5, Cluster #10: Elapsed time is 126.111778 seconds.
Run FFNN - Fold #5, Cluster #10: Elapsed time is 0.324231 seconds.
Train FFNN - Fold #5, Cluster #11: Elapsed time is 89.565921 seconds.
Run FFNN - Fold #5, Cluster #11: Elapsed time is 0.236968 seconds.
Train FFNN - Fold #5, Cluster #12: Elapsed time is 29.189189 seconds.
Run FFNN - Fold #5, Cluster #12: Elapsed time is 0.179428 seconds.
Train FFNN - Fold #5, Cluster #13: Elapsed time is 78.159556 seconds.
Run FFNN - Fold #5, Cluster #13: Elapsed time is 0.224430 seconds.
Train FFNN - Fold #5, Cluster #14: Elapsed time is 30.169311 seconds.
Run FFNN - Fold #5, Cluster #14: Elapsed time is 0.187176 seconds.
Train FFNN - Fold #5, Cluster #15: Elapsed time is 80.097840 seconds.
Run FFNN - Fold #5, Cluster #15: Elapsed time is 0.235893 seconds.
Train FFNN - Fold #5, Cluster #16: Elapsed time is 20.656677 seconds.
Run FFNN - Fold #5, Cluster #16: Elapsed time is 0.171764 seconds.
Train FFNN - Fold #5, Cluster #17: Elapsed time is 89.233159 seconds.
Run FFNN - Fold #5, Cluster #17: Elapsed time is 0.250165 seconds.
Train FFNN - Fold #5, Cluster #18: Elapsed time is 23.191075 seconds.
Run FFNN - Fold #5, Cluster #18: Elapsed time is 0.202453 seconds.
Train FFNN - Fold #5, Cluster #19: Elapsed time is 144.145182 seconds.
Run FFNN - Fold #5, Cluster #19: Elapsed time is 0.274016 seconds.
Train FFNN - Fold #5, Cluster #20: Elapsed time is 50.727211 seconds.
Run FFNN - Fold #5, Cluster #20: Elapsed time is 0.202242 seconds.
success!
