
                            < M A T L A B (R) >
                  Copyright 1984-2022 The MathWorks, Inc.
                  R2022b (9.13.0.2049777) 64-bit (glnxa64)
                              August 24, 2022

 
To get started, type doc.
For product information, visit www.mathworks.com.
 
Train GBM - Fold #1, Cluster #1: Elapsed time is 472.393584 seconds.
Run GBM - Fold #1, Cluster #1: Elapsed time is 7.057044 seconds.
Train GBM - Fold #1, Cluster #2: Elapsed time is 525.278710 seconds.
Run GBM - Fold #1, Cluster #2: Elapsed time is 7.379967 seconds.
Train GBM - Fold #1, Cluster #3: Elapsed time is 159.829815 seconds.
Run GBM - Fold #1, Cluster #3: Elapsed time is 2.720038 seconds.
Train GBM - Fold #1, Cluster #4: Elapsed time is 234.804376 seconds.
Run GBM - Fold #1, Cluster #4: Elapsed time is 3.336640 seconds.
Train GBM - Fold #1, Cluster #5: Elapsed time is 545.186995 seconds.
Run GBM - Fold #1, Cluster #5: Elapsed time is 7.070818 seconds.
Train GBM - Fold #2, Cluster #1: Elapsed time is 487.283955 seconds.
Run GBM - Fold #2, Cluster #1: Elapsed time is 5.657298 seconds.
Train GBM - Fold #2, Cluster #2: Elapsed time is 547.287245 seconds.
Run GBM - Fold #2, Cluster #2: Elapsed time is 6.404985 seconds.
Train GBM - Fold #2, Cluster #3: Elapsed time is 168.888170 seconds.
Run GBM - Fold #2, Cluster #3: Elapsed time is 2.354734 seconds.
Train GBM - Fold #2, Cluster #4: Elapsed time is 242.088847 seconds.
Run GBM - Fold #2, Cluster #4: Elapsed time is 3.200058 seconds.
Train GBM - Fold #2, Cluster #5: Elapsed time is 541.221817 seconds.
Run GBM - Fold #2, Cluster #5: Elapsed time is 6.610955 seconds.
Train GBM - Fold #3, Cluster #1: Elapsed time is 484.490359 seconds.
Run GBM - Fold #3, Cluster #1: Elapsed time is 5.779603 seconds.
Train GBM - Fold #3, Cluster #2: Elapsed time is 527.973827 seconds.
Run GBM - Fold #3, Cluster #2: Elapsed time is 7.116421 seconds.
Train GBM - Fold #3, Cluster #3: Elapsed time is 172.489800 seconds.
Run GBM - Fold #3, Cluster #3: Elapsed time is 2.415777 seconds.
Train GBM - Fold #3, Cluster #4: Elapsed time is 226.716427 seconds.
Run GBM - Fold #3, Cluster #4: Elapsed time is 3.770842 seconds.
Train GBM - Fold #3, Cluster #5: Elapsed time is 547.456733 seconds.
Run GBM - Fold #3, Cluster #5: Elapsed time is 7.295199 seconds.
Train GBM - Fold #4, Cluster #1: Elapsed time is 481.980701 seconds.
Run GBM - Fold #4, Cluster #1: Elapsed time is 5.690360 seconds.
Train GBM - Fold #4, Cluster #2: Elapsed time is 531.335276 seconds.
Run GBM - Fold #4, Cluster #2: Elapsed time is 7.187230 seconds.
Train GBM - Fold #4, Cluster #3: Elapsed time is 169.887932 seconds.
Run GBM - Fold #4, Cluster #3: Elapsed time is 2.428335 seconds.
Train GBM - Fold #4, Cluster #4: Elapsed time is 229.943678 seconds.
Run GBM - Fold #4, Cluster #4: Elapsed time is 3.670409 seconds.
Train GBM - Fold #4, Cluster #5: Elapsed time is 569.845886 seconds.
Run GBM - Fold #4, Cluster #5: Elapsed time is 6.172489 seconds.
Train GBM - Fold #5, Cluster #1: Elapsed time is 472.029991 seconds.
Run GBM - Fold #5, Cluster #1: Elapsed time is 5.966646 seconds.
Train GBM - Fold #5, Cluster #2: Elapsed time is 541.730838 seconds.
Run GBM - Fold #5, Cluster #2: Elapsed time is 6.687790 seconds.
Train GBM - Fold #5, Cluster #3: Elapsed time is 163.651778 seconds.
Run GBM - Fold #5, Cluster #3: Elapsed time is 2.553716 seconds.
Train GBM - Fold #5, Cluster #4: Elapsed time is 240.016777 seconds.
Run GBM - Fold #5, Cluster #4: Elapsed time is 2.957295 seconds.
Train GBM - Fold #5, Cluster #5: Elapsed time is 537.940895 seconds.
Run GBM - Fold #5, Cluster #5: Elapsed time is 7.136485 seconds.
success!
