
                            < M A T L A B (R) >
                  Copyright 1984-2022 The MathWorks, Inc.
                  R2022b (9.13.0.2049777) 64-bit (glnxa64)
                              August 24, 2022

 
To get started, type doc.
For product information, visit www.mathworks.com.
 
[Warning: Failed to converge in 100 iterations during replicate 9 for
gmdistribution with 5 components] 
[> In gmcluster (line 204)
In gmdistribution.fit (line 102)
In fitgmdist (line 135)
In gmm_clustering (line 84)
In gobai_o2_form_clusters (line 5)] 
Elapsed time is 5149.847938 seconds.
Starting parallel pool (parpool) using the 'Processes' profile ...
Connected to the parallel pool (number of workers: 1).
  ParallelException with properties:

     identifier: 'MATLAB:sizeDimensionsMustMatch'
        message: 'Arrays have incompatible sizes for this operation.'
          cause: {}
    remotecause: {[1x1 MException]}
          stack: [4x1 struct]
     Correction: []

Function: gobai_o2_form_clusters
Line: 5
Function: gmm_clustering
Line: 133
Function: normalize
Line: 131
Function: normalizeArray
Line: 20
