
                            < M A T L A B (R) >
                  Copyright 1984-2022 The MathWorks, Inc.
                  R2022b (9.13.0.2049777) 64-bit (glnxa64)
                              August 24, 2022

 
To get started, type doc.
For product information, visit www.mathworks.com.
 
Starting parallel pool (parpool) using the 'Processes' profile ...
Connected to the parallel pool (number of workers: 40).
Train RFR - Fold #1, Cluster #1: Elapsed time is 74.197721 seconds.
Run RFR - Fold #1, Cluster #1: Elapsed time is 31.078099 seconds.
Train RFR - Fold #1, Cluster #2: Elapsed time is 112.525321 seconds.
Run RFR - Fold #1, Cluster #2: Elapsed time is 28.048723 seconds.
Train RFR - Fold #1, Cluster #3: Elapsed time is 171.215578 seconds.
Run RFR - Fold #1, Cluster #3: Elapsed time is 39.834861 seconds.
Train RFR - Fold #1, Cluster #4: Elapsed time is 93.212292 seconds.
Run RFR - Fold #1, Cluster #4: Elapsed time is 36.290473 seconds.
Train RFR - Fold #1, Cluster #5: Elapsed time is 56.086313 seconds.
Run RFR - Fold #1, Cluster #5: Elapsed time is 25.805310 seconds.
Train RFR - Fold #1, Cluster #6: Elapsed time is 83.194956 seconds.
Run RFR - Fold #1, Cluster #6: Elapsed time is 27.270534 seconds.
Train RFR - Fold #1, Cluster #7: Elapsed time is 39.014659 seconds.
Run RFR - Fold #1, Cluster #7: Elapsed time is 34.929770 seconds.
Train RFR - Fold #1, Cluster #8: Elapsed time is 2.161151 seconds.
Run RFR - Fold #1, Cluster #8: Elapsed time is 4.633361 seconds.
Train RFR - Fold #1, Cluster #9: Elapsed time is 44.458215 seconds.
Run RFR - Fold #1, Cluster #9: Elapsed time is 33.571163 seconds.
Train RFR - Fold #1, Cluster #10: Elapsed time is 50.011658 seconds.
Run RFR - Fold #1, Cluster #10: Elapsed time is 40.133871 seconds.
Train RFR - Fold #1, Cluster #11: Elapsed time is 11.860963 seconds.
Run RFR - Fold #1, Cluster #11: Elapsed time is 15.799497 seconds.
Train RFR - Fold #1, Cluster #12: Elapsed time is 23.785427 seconds.
Run RFR - Fold #1, Cluster #12: Elapsed time is 27.143563 seconds.
Train RFR - Fold #1, Cluster #13: N/ARun RFR - Fold #1, Cluster #13: N/ATrain RFR - Fold #1, Cluster #14: Elapsed time is 15.786585 seconds.
Run RFR - Fold #1, Cluster #14: Elapsed time is 21.463774 seconds.
Train RFR - Fold #1, Cluster #15: Elapsed time is 66.777198 seconds.
Run RFR - Fold #1, Cluster #15: Elapsed time is 32.378969 seconds.
Train RFR - Fold #2, Cluster #1: Elapsed time is 77.164810 seconds.
Run RFR - Fold #2, Cluster #1: Elapsed time is 31.546789 seconds.
Train RFR - Fold #2, Cluster #2: Elapsed time is 117.541171 seconds.
Run RFR - Fold #2, Cluster #2: Elapsed time is 27.517923 seconds.
Train RFR - Fold #2, Cluster #3: Elapsed time is 163.926321 seconds.
Run RFR - Fold #2, Cluster #3: Elapsed time is 41.632174 seconds.
Train RFR - Fold #2, Cluster #4: Elapsed time is 97.730537 seconds.
Run RFR - Fold #2, Cluster #4: Elapsed time is 36.178465 seconds.
Train RFR - Fold #2, Cluster #5: Elapsed time is 56.473540 seconds.
Run RFR - Fold #2, Cluster #5: Elapsed time is 25.390747 seconds.
Train RFR - Fold #2, Cluster #6: Elapsed time is 85.904471 seconds.
Run RFR - Fold #2, Cluster #6: Elapsed time is 27.894790 seconds.
Train RFR - Fold #2, Cluster #7: Elapsed time is 38.916616 seconds.
Run RFR - Fold #2, Cluster #7: Elapsed time is 34.939241 seconds.
Train RFR - Fold #2, Cluster #8: Elapsed time is 2.200444 seconds.
Run RFR - Fold #2, Cluster #8: Elapsed time is 4.717180 seconds.
Train RFR - Fold #2, Cluster #9: Elapsed time is 46.579862 seconds.
Run RFR - Fold #2, Cluster #9: Elapsed time is 34.010589 seconds.
Train RFR - Fold #2, Cluster #10: Elapsed time is 53.147621 seconds.
Run RFR - Fold #2, Cluster #10: Elapsed time is 39.073181 seconds.
Train RFR - Fold #2, Cluster #11: Elapsed time is 12.137199 seconds.
Run RFR - Fold #2, Cluster #11: Elapsed time is 15.900121 seconds.
Train RFR - Fold #2, Cluster #12: Elapsed time is 22.405535 seconds.
Run RFR - Fold #2, Cluster #12: Elapsed time is 26.206616 seconds.
Train RFR - Fold #2, Cluster #13: N/ARun RFR - Fold #2, Cluster #13: N/ATrain RFR - Fold #2, Cluster #14: Elapsed time is 15.706358 seconds.
Run RFR - Fold #2, Cluster #14: Elapsed time is 21.586082 seconds.
Train RFR - Fold #2, Cluster #15: Elapsed time is 72.918751 seconds.
Run RFR - Fold #2, Cluster #15: Elapsed time is 31.554031 seconds.
Train RFR - Fold #3, Cluster #1: Elapsed time is 73.909115 seconds.
Run RFR - Fold #3, Cluster #1: Elapsed time is 30.956112 seconds.
Train RFR - Fold #3, Cluster #2: Elapsed time is 115.328914 seconds.
Run RFR - Fold #3, Cluster #2: Elapsed time is 27.784018 seconds.
Train RFR - Fold #3, Cluster #3: Elapsed time is 166.566879 seconds.
Run RFR - Fold #3, Cluster #3: Elapsed time is 40.399117 seconds.
Train RFR - Fold #3, Cluster #4: Elapsed time is 94.841575 seconds.
Run RFR - Fold #3, Cluster #4: Elapsed time is 36.552694 seconds.
Train RFR - Fold #3, Cluster #5: Elapsed time is 57.179861 seconds.
Run RFR - Fold #3, Cluster #5: Elapsed time is 25.672162 seconds.
Train RFR - Fold #3, Cluster #6: Elapsed time is 87.057918 seconds.
Run RFR - Fold #3, Cluster #6: Elapsed time is 28.150004 seconds.
Train RFR - Fold #3, Cluster #7: Elapsed time is 34.700853 seconds.
Run RFR - Fold #3, Cluster #7: Elapsed time is 33.985434 seconds.
Train RFR - Fold #3, Cluster #8: Elapsed time is 2.159204 seconds.
Run RFR - Fold #3, Cluster #8: Elapsed time is 4.778967 seconds.
Train RFR - Fold #3, Cluster #9: Elapsed time is 46.969115 seconds.
Run RFR - Fold #3, Cluster #9: Elapsed time is 34.921688 seconds.
Train RFR - Fold #3, Cluster #10: Elapsed time is 53.602631 seconds.
Run RFR - Fold #3, Cluster #10: Elapsed time is 38.985768 seconds.
Train RFR - Fold #3, Cluster #11: Elapsed time is 12.898115 seconds.
Run RFR - Fold #3, Cluster #11: Elapsed time is 15.619446 seconds.
Train RFR - Fold #3, Cluster #12: Elapsed time is 22.902198 seconds.
Run RFR - Fold #3, Cluster #12: Elapsed time is 27.027298 seconds.
Train RFR - Fold #3, Cluster #13: N/ARun RFR - Fold #3, Cluster #13: N/ATrain RFR - Fold #3, Cluster #14: Elapsed time is 14.614216 seconds.
Run RFR - Fold #3, Cluster #14: Elapsed time is 22.692243 seconds.
Train RFR - Fold #3, Cluster #15: Elapsed time is 66.284656 seconds.
Run RFR - Fold #3, Cluster #15: Elapsed time is 32.279933 seconds.
Train RFR - Fold #4, Cluster #1: Elapsed time is 74.257501 seconds.
Run RFR - Fold #4, Cluster #1: Elapsed time is 30.569868 seconds.
Train RFR - Fold #4, Cluster #2: Elapsed time is 122.834810 seconds.
Run RFR - Fold #4, Cluster #2: Elapsed time is 27.576146 seconds.
Train RFR - Fold #4, Cluster #3: Elapsed time is 173.882694 seconds.
Run RFR - Fold #4, Cluster #3: Elapsed time is 39.718135 seconds.
Train RFR - Fold #4, Cluster #4: Elapsed time is 89.727436 seconds.
Run RFR - Fold #4, Cluster #4: Elapsed time is 35.850860 seconds.
Train RFR - Fold #4, Cluster #5: Elapsed time is 61.509931 seconds.
Run RFR - Fold #4, Cluster #5: Elapsed time is 25.905563 seconds.
Train RFR - Fold #4, Cluster #6: Elapsed time is 84.456749 seconds.
Run RFR - Fold #4, Cluster #6: Elapsed time is 27.539197 seconds.
Train RFR - Fold #4, Cluster #7: Elapsed time is 35.657392 seconds.
Run RFR - Fold #4, Cluster #7: Elapsed time is 35.019711 seconds.
Train RFR - Fold #4, Cluster #8: Elapsed time is 1.277023 seconds.
Run RFR - Fold #4, Cluster #8: Elapsed time is 4.886558 seconds.
Train RFR - Fold #4, Cluster #9: Elapsed time is 46.349274 seconds.
Run RFR - Fold #4, Cluster #9: Elapsed time is 34.713125 seconds.
Train RFR - Fold #4, Cluster #10: Elapsed time is 55.274206 seconds.
Run RFR - Fold #4, Cluster #10: Elapsed time is 40.150908 seconds.
Train RFR - Fold #4, Cluster #11: Elapsed time is 11.756173 seconds.
Run RFR - Fold #4, Cluster #11: Elapsed time is 15.547861 seconds.
Train RFR - Fold #4, Cluster #12: Elapsed time is 23.006476 seconds.
Run RFR - Fold #4, Cluster #12: Elapsed time is 27.514885 seconds.
Train RFR - Fold #4, Cluster #13: N/ARun RFR - Fold #4, Cluster #13: N/ATrain RFR - Fold #4, Cluster #14: Elapsed time is 14.402316 seconds.
Run RFR - Fold #4, Cluster #14: Elapsed time is 21.416577 seconds.
Train RFR - Fold #4, Cluster #15: Elapsed time is 66.699669 seconds.
Run RFR - Fold #4, Cluster #15: Elapsed time is 32.121872 seconds.
Train RFR - Fold #5, Cluster #1: Elapsed time is 77.291398 seconds.
Run RFR - Fold #5, Cluster #1: Elapsed time is 29.067663 seconds.
Train RFR - Fold #5, Cluster #2: Elapsed time is 111.515660 seconds.
Run RFR - Fold #5, Cluster #2: Elapsed time is 29.359051 seconds.
Train RFR - Fold #5, Cluster #3: Elapsed time is 158.894020 seconds.
Run RFR - Fold #5, Cluster #3: Elapsed time is 41.252669 seconds.
Train RFR - Fold #5, Cluster #4: Elapsed time is 95.905040 seconds.
Run RFR - Fold #5, Cluster #4: Elapsed time is 36.378075 seconds.
Train RFR - Fold #5, Cluster #5: Elapsed time is 57.740084 seconds.
Run RFR - Fold #5, Cluster #5: Elapsed time is 24.625901 seconds.
Train RFR - Fold #5, Cluster #6: Elapsed time is 87.589136 seconds.
Run RFR - Fold #5, Cluster #6: Elapsed time is 28.154547 seconds.
Train RFR - Fold #5, Cluster #7: Elapsed time is 40.557069 seconds.
Run RFR - Fold #5, Cluster #7: Elapsed time is 33.231006 seconds.
Train RFR - Fold #5, Cluster #8: Elapsed time is 1.047804 seconds.
Run RFR - Fold #5, Cluster #8: Elapsed time is 5.315454 seconds.
Train RFR - Fold #5, Cluster #9: Elapsed time is 42.626291 seconds.
Run RFR - Fold #5, Cluster #9: Elapsed time is 32.934928 seconds.
Train RFR - Fold #5, Cluster #10: Elapsed time is 55.708695 seconds.
Run RFR - Fold #5, Cluster #10: Elapsed time is 40.018702 seconds.
Train RFR - Fold #5, Cluster #11: Elapsed time is 15.249604 seconds.
Run RFR - Fold #5, Cluster #11: Elapsed time is 14.724232 seconds.
Train RFR - Fold #5, Cluster #12: Elapsed time is 23.358003 seconds.
Run RFR - Fold #5, Cluster #12: Elapsed time is 27.350526 seconds.
Train RFR - Fold #5, Cluster #13: N/ARun RFR - Fold #5, Cluster #13: N/ATrain RFR - Fold #5, Cluster #14: Elapsed time is 15.170887 seconds.
Run RFR - Fold #5, Cluster #14: Elapsed time is 21.165141 seconds.
Train RFR - Fold #5, Cluster #15: Elapsed time is 71.668906 seconds.
Run RFR - Fold #5, Cluster #15: Elapsed time is 30.554947 seconds.
Parallel pool using the 'Processes' profile is shutting down.
success!
