HDF5-DIAG: Error detected in HDF5 (1.8.12) thread 0:
  #000: H5D.c line 402 in H5Dclose(): can't decrement count on dataset ID
    major: Dataset
    minor: Unable to decrement reference count
  #001: H5I.c line 1537 in H5I_dec_app_ref_always_close(): can't decrement ID ref count
    major: Object atom
    minor: Unable to decrement reference count
  #002: H5I.c line 1479 in H5I_dec_app_ref(): can't decrement ID ref count
    major: Object atom
    minor: Unable to decrement reference count
  #003: H5Dint.c line 1381 in H5D_close(): unable to flush cached dataset info
    major: Dataset
    minor: Write failed
  #004: H5Dint.c line 2306 in H5D__flush_real(): unable to pin dataset object header
    major: Dataset
    minor: Unable to pin cache entry
  #005: H5O.c line 1879 in H5O_pin(): unable to protect object header
    major: Object header
    minor: Unable to protect metadata
  #006: H5O.c line 1684 in H5O_protect(): unable to load object header
    major: Object header
    minor: Unable to protect metadata
  #007: H5AC.c line 1329 in H5AC_protect(): H5C_protect() failed.
    major: Object cache
    minor: Unable to protect metadata
  #008: H5C.c line 3574 in H5C_protect(): can't load entry
    major: Object cache
    minor: Unable to load metadata into cache
  #009: H5C.c line 7954 in H5C_load_entry(): unable to load entry
    major: Object cache
    minor: Unable to load metadata into cache
  #010: H5Ocache.c line 275 in H5O_load(): bad object header version number
    major: Object header
    minor: Wrong version number
HDF5-DIAG: Error detected in HDF5 (1.8.12) thread 0:
  #000: H5R.c line 377 in H5Rcreate(): unable to create reference
    major: References
    minor: Unable to initialize object
  #001: H5R.c line 231 in H5R_create(): object not found
    major: References
    minor: Object not found
  #002: H5Gloc.c line 430 in H5G_loc_find(): can't find object
    major: Symbol table
    minor: Object not found
  #003: H5Gtraverse.c line 861 in H5G_traverse(): internal path traversal failed
    major: Symbol table
    minor: Object not found
  #004: H5Gtraverse.c line 596 in H5G_traverse_real(): can't look up component
    major: Symbol table
    minor: Object not found
  #005: H5Gobj.c line 1139 in H5G__obj_lookup(): can't check for link info message
    major: Symbol table
    minor: Can't get value
  #006: H5Gobj.c line 333 in H5G__obj_get_linfo(): unable to read object header
    major: Symbol table
    minor: Can't get value
  #007: H5Omessage.c line 888 in H5O_msg_exists(): unable to protect object header
    major: Object header
    minor: Unable to protect metadata
  #008: H5O.c line 1684 in H5O_protect(): unable to load object header
    major: Object header
    minor: Unable to protect metadata
  #009: H5AC.c line 1329 in H5AC_protect(): H5C_protect() failed.
    major: Object cache
    minor: Unable to protect metadata
  #010: H5C.c line 3574 in H5C_protect(): can't load entry
    major: Object cache
    minor: Unable to load metadata into cache
  #011: H5C.c line 7954 in H5C_load_entry(): unable to load entry
    major: Object cache
    minor: Unable to load metadata into cache
  #012: H5Ocache.c line 275 in H5O_load(): bad object header version number
    major: Object header
    minor: Wrong version number
