
                            < M A T L A B (R) >
                  Copyright 1984-2022 The MathWorks, Inc.
                  R2022b (9.13.0.2049777) 64-bit (glnxa64)
                              August 24, 2022

 
To get started, type doc.
For product information, visit www.mathworks.com.
 
Train GBM - Fold #1, Cluster #1: Elapsed time is 177.509551 seconds.
Run GBM - Fold #1, Cluster #1: Elapsed time is 2.764241 seconds.
Train GBM - Fold #1, Cluster #2: Elapsed time is 27.079108 seconds.
Run GBM - Fold #1, Cluster #2: Elapsed time is 0.711996 seconds.
Train GBM - Fold #1, Cluster #3: Elapsed time is 110.239724 seconds.
Run GBM - Fold #1, Cluster #3: Elapsed time is 1.840839 seconds.
Train GBM - Fold #1, Cluster #4: N/ARun GBM - Fold #1, Cluster #4: N/ATrain GBM - Fold #1, Cluster #5: Elapsed time is 43.521762 seconds.
Run GBM - Fold #1, Cluster #5: Elapsed time is 1.218918 seconds.
Train GBM - Fold #1, Cluster #6: Elapsed time is 165.952784 seconds.
Run GBM - Fold #1, Cluster #6: Elapsed time is 2.770737 seconds.
Train GBM - Fold #1, Cluster #7: Elapsed time is 42.033992 seconds.
Run GBM - Fold #1, Cluster #7: Elapsed time is 0.956362 seconds.
Train GBM - Fold #1, Cluster #8: Elapsed time is 32.472709 seconds.
Run GBM - Fold #1, Cluster #8: Elapsed time is 0.717532 seconds.
Train GBM - Fold #1, Cluster #9: Elapsed time is 119.723312 seconds.
Run GBM - Fold #1, Cluster #9: Elapsed time is 2.066821 seconds.
Train GBM - Fold #1, Cluster #10: Elapsed time is 29.113844 seconds.
Run GBM - Fold #1, Cluster #10: Elapsed time is 0.767315 seconds.
Train GBM - Fold #1, Cluster #11: Elapsed time is 103.746649 seconds.
Run GBM - Fold #1, Cluster #11: Elapsed time is 1.941260 seconds.
Train GBM - Fold #1, Cluster #12: Elapsed time is 126.070311 seconds.
Run GBM - Fold #1, Cluster #12: Elapsed time is 2.170081 seconds.
Train GBM - Fold #1, Cluster #13: Elapsed time is 47.030009 seconds.
Run GBM - Fold #1, Cluster #13: Elapsed time is 1.154502 seconds.
Train GBM - Fold #1, Cluster #14: Elapsed time is 88.046674 seconds.
Run GBM - Fold #1, Cluster #14: Elapsed time is 2.081321 seconds.
Train GBM - Fold #1, Cluster #15: Elapsed time is 6.818436 seconds.
Run GBM - Fold #1, Cluster #15: Elapsed time is 0.174205 seconds.
Train GBM - Fold #1, Cluster #16: Elapsed time is 18.247318 seconds.
Run GBM - Fold #1, Cluster #16: Elapsed time is 0.681162 seconds.
Train GBM - Fold #1, Cluster #17: Elapsed time is 285.138201 seconds.
Run GBM - Fold #1, Cluster #17: Elapsed time is 4.025394 seconds.
Train GBM - Fold #1, Cluster #18: Elapsed time is 82.716664 seconds.
Run GBM - Fold #1, Cluster #18: Elapsed time is 1.585333 seconds.
Train GBM - Fold #1, Cluster #19: Elapsed time is 106.357208 seconds.
Run GBM - Fold #1, Cluster #19: Elapsed time is 1.997367 seconds.
Train GBM - Fold #1, Cluster #20: Elapsed time is 58.474343 seconds.
Run GBM - Fold #1, Cluster #20: Elapsed time is 1.448876 seconds.
Train GBM - Fold #2, Cluster #1: Elapsed time is 172.120643 seconds.
Run GBM - Fold #2, Cluster #1: Elapsed time is 2.715104 seconds.
Train GBM - Fold #2, Cluster #2: Elapsed time is 26.850744 seconds.
Run GBM - Fold #2, Cluster #2: Elapsed time is 0.667660 seconds.
Train GBM - Fold #2, Cluster #3: Elapsed time is 107.359035 seconds.
Run GBM - Fold #2, Cluster #3: Elapsed time is 1.882289 seconds.
Train GBM - Fold #2, Cluster #4: N/ARun GBM - Fold #2, Cluster #4: N/ATrain GBM - Fold #2, Cluster #5: Elapsed time is 47.427014 seconds.
Run GBM - Fold #2, Cluster #5: Elapsed time is 0.917816 seconds.
Train GBM - Fold #2, Cluster #6: Elapsed time is 179.298389 seconds.
Run GBM - Fold #2, Cluster #6: Elapsed time is 2.338526 seconds.
Train GBM - Fold #2, Cluster #7: Elapsed time is 39.711747 seconds.
Run GBM - Fold #2, Cluster #7: Elapsed time is 1.048750 seconds.
Train GBM - Fold #2, Cluster #8: Elapsed time is 31.389404 seconds.
Run GBM - Fold #2, Cluster #8: Elapsed time is 0.709789 seconds.
Train GBM - Fold #2, Cluster #9: Elapsed time is 124.730601 seconds.
Run GBM - Fold #2, Cluster #9: Elapsed time is 1.803000 seconds.
Train GBM - Fold #2, Cluster #10: Elapsed time is 28.394419 seconds.
Run GBM - Fold #2, Cluster #10: Elapsed time is 0.767691 seconds.
Train GBM - Fold #2, Cluster #11: Elapsed time is 107.831344 seconds.
Run GBM - Fold #2, Cluster #11: Elapsed time is 1.763662 seconds.
Train GBM - Fold #2, Cluster #12: Elapsed time is 119.363216 seconds.
Run GBM - Fold #2, Cluster #12: Elapsed time is 2.450496 seconds.
Train GBM - Fold #2, Cluster #13: Elapsed time is 46.883801 seconds.
Run GBM - Fold #2, Cluster #13: Elapsed time is 1.137135 seconds.
Train GBM - Fold #2, Cluster #14: Elapsed time is 96.843057 seconds.
Run GBM - Fold #2, Cluster #14: Elapsed time is 1.717755 seconds.
Train GBM - Fold #2, Cluster #15: Elapsed time is 6.634960 seconds.
Run GBM - Fold #2, Cluster #15: Elapsed time is 0.169535 seconds.
Train GBM - Fold #2, Cluster #16: Elapsed time is 19.060623 seconds.
Run GBM - Fold #2, Cluster #16: Elapsed time is 0.623923 seconds.
Train GBM - Fold #2, Cluster #17: Elapsed time is 296.214602 seconds.
Run GBM - Fold #2, Cluster #17: Elapsed time is 3.635347 seconds.
Train GBM - Fold #2, Cluster #18: Elapsed time is 82.091544 seconds.
Run GBM - Fold #2, Cluster #18: Elapsed time is 1.543542 seconds.
Train GBM - Fold #2, Cluster #19: Elapsed time is 107.583310 seconds.
Run GBM - Fold #2, Cluster #19: Elapsed time is 1.903334 seconds.
Train GBM - Fold #2, Cluster #20: Elapsed time is 61.614629 seconds.
Run GBM - Fold #2, Cluster #20: Elapsed time is 1.282093 seconds.
Train GBM - Fold #3, Cluster #1: Elapsed time is 167.922214 seconds.
Run GBM - Fold #3, Cluster #1: Elapsed time is 2.913754 seconds.
Train GBM - Fold #3, Cluster #2: Elapsed time is 25.074645 seconds.
Run GBM - Fold #3, Cluster #2: Elapsed time is 0.820596 seconds.
Train GBM - Fold #3, Cluster #3: Elapsed time is 111.429025 seconds.
Run GBM - Fold #3, Cluster #3: Elapsed time is 1.741230 seconds.
Train GBM - Fold #3, Cluster #4: N/ARun GBM - Fold #3, Cluster #4: N/ATrain GBM - Fold #3, Cluster #5: Elapsed time is 46.062950 seconds.
Run GBM - Fold #3, Cluster #5: Elapsed time is 1.064685 seconds.
Train GBM - Fold #3, Cluster #6: Elapsed time is 176.974608 seconds.
Run GBM - Fold #3, Cluster #6: Elapsed time is 2.573294 seconds.
Train GBM - Fold #3, Cluster #7: Elapsed time is 41.462925 seconds.
Run GBM - Fold #3, Cluster #7: Elapsed time is 0.927923 seconds.
Train GBM - Fold #3, Cluster #8: Elapsed time is 28.377917 seconds.
Run GBM - Fold #3, Cluster #8: Elapsed time is 0.889913 seconds.
Train GBM - Fold #3, Cluster #9: Elapsed time is 118.952159 seconds.
Run GBM - Fold #3, Cluster #9: Elapsed time is 1.971935 seconds.
Train GBM - Fold #3, Cluster #10: Elapsed time is 26.379943 seconds.
Run GBM - Fold #3, Cluster #10: Elapsed time is 0.973604 seconds.
Train GBM - Fold #3, Cluster #11: Elapsed time is 105.343184 seconds.
Run GBM - Fold #3, Cluster #11: Elapsed time is 1.933144 seconds.
Train GBM - Fold #3, Cluster #12: Elapsed time is 125.258145 seconds.
Run GBM - Fold #3, Cluster #12: Elapsed time is 2.236318 seconds.
Train GBM - Fold #3, Cluster #13: Elapsed time is 46.991930 seconds.
Run GBM - Fold #3, Cluster #13: Elapsed time is 1.118583 seconds.
Train GBM - Fold #3, Cluster #14: Elapsed time is 98.494371 seconds.
Run GBM - Fold #3, Cluster #14: Elapsed time is 1.722057 seconds.
Train GBM - Fold #3, Cluster #15: Elapsed time is 6.905842 seconds.
Run GBM - Fold #3, Cluster #15: Elapsed time is 0.170174 seconds.
Train GBM - Fold #3, Cluster #16: Elapsed time is 19.500129 seconds.
Run GBM - Fold #3, Cluster #16: Elapsed time is 0.601102 seconds.
Train GBM - Fold #3, Cluster #17: Elapsed time is 284.956972 seconds.
Run GBM - Fold #3, Cluster #17: Elapsed time is 3.824956 seconds.
Train GBM - Fold #3, Cluster #18: Elapsed time is 80.121724 seconds.
Run GBM - Fold #3, Cluster #18: Elapsed time is 1.685093 seconds.
Train GBM - Fold #3, Cluster #19: Elapsed time is 108.121135 seconds.
Run GBM - Fold #3, Cluster #19: Elapsed time is 1.978287 seconds.
Train GBM - Fold #3, Cluster #20: Elapsed time is 61.596375 seconds.
Run GBM - Fold #3, Cluster #20: Elapsed time is 1.251552 seconds.
Train GBM - Fold #4, Cluster #1: Elapsed time is 190.641285 seconds.
Run GBM - Fold #4, Cluster #1: Elapsed time is 2.123182 seconds.
Train GBM - Fold #4, Cluster #2: Elapsed time is 25.743944 seconds.
Run GBM - Fold #4, Cluster #2: Elapsed time is 0.780202 seconds.
Train GBM - Fold #4, Cluster #3: Elapsed time is 104.357736 seconds.
Run GBM - Fold #4, Cluster #3: Elapsed time is 2.030111 seconds.
Train GBM - Fold #4, Cluster #4: N/ARun GBM - Fold #4, Cluster #4: N/ATrain GBM - Fold #4, Cluster #5: Elapsed time is 44.321549 seconds.
Run GBM - Fold #4, Cluster #5: Elapsed time is 1.156492 seconds.
Train GBM - Fold #4, Cluster #6: Elapsed time is 164.646235 seconds.
Run GBM - Fold #4, Cluster #6: Elapsed time is 2.964012 seconds.
Train GBM - Fold #4, Cluster #7: Elapsed time is 39.703448 seconds.
Run GBM - Fold #4, Cluster #7: Elapsed time is 1.044595 seconds.
Train GBM - Fold #4, Cluster #8: Elapsed time is 27.432046 seconds.
Run GBM - Fold #4, Cluster #8: Elapsed time is 0.940276 seconds.
Train GBM - Fold #4, Cluster #9: Elapsed time is 122.862296 seconds.
Run GBM - Fold #4, Cluster #9: Elapsed time is 1.785556 seconds.
Train GBM - Fold #4, Cluster #10: Elapsed time is 27.914188 seconds.
Run GBM - Fold #4, Cluster #10: Elapsed time is 0.792986 seconds.
Train GBM - Fold #4, Cluster #11: Elapsed time is 109.583434 seconds.
Run GBM - Fold #4, Cluster #11: Elapsed time is 1.626519 seconds.
Train GBM - Fold #4, Cluster #12: Elapsed time is 129.421045 seconds.
Run GBM - Fold #4, Cluster #12: Elapsed time is 1.979533 seconds.
Train GBM - Fold #4, Cluster #13: Elapsed time is 46.355710 seconds.
Run GBM - Fold #4, Cluster #13: Elapsed time is 1.161433 seconds.
Train GBM - Fold #4, Cluster #14: Elapsed time is 98.190759 seconds.
Run GBM - Fold #4, Cluster #14: Elapsed time is 1.592967 seconds.
Train GBM - Fold #4, Cluster #15: Elapsed time is 5.071108 seconds.
Run GBM - Fold #4, Cluster #15: Elapsed time is 0.389691 seconds.
Train GBM - Fold #4, Cluster #16: Elapsed time is 19.928507 seconds.
Run GBM - Fold #4, Cluster #16: Elapsed time is 0.560281 seconds.
Train GBM - Fold #4, Cluster #17: Elapsed time is 290.770404 seconds.
Run GBM - Fold #4, Cluster #17: Elapsed time is 3.572875 seconds.
Train GBM - Fold #4, Cluster #18: Elapsed time is 82.927491 seconds.
Run GBM - Fold #4, Cluster #18: Elapsed time is 1.503856 seconds.
Train GBM - Fold #4, Cluster #19: Elapsed time is 116.084826 seconds.
Run GBM - Fold #4, Cluster #19: Elapsed time is 1.484679 seconds.
Train GBM - Fold #4, Cluster #20: Elapsed time is 63.301899 seconds.
Run GBM - Fold #4, Cluster #20: Elapsed time is 1.192770 seconds.
Train GBM - Fold #5, Cluster #1: Elapsed time is 174.996211 seconds.
Run GBM - Fold #5, Cluster #1: Elapsed time is 2.817242 seconds.
Train GBM - Fold #5, Cluster #2: Elapsed time is 25.687796 seconds.
Run GBM - Fold #5, Cluster #2: Elapsed time is 0.767334 seconds.
Train GBM - Fold #5, Cluster #3: Elapsed time is 110.676188 seconds.
Run GBM - Fold #5, Cluster #3: Elapsed time is 1.713203 seconds.
Train GBM - Fold #5, Cluster #4: N/ARun GBM - Fold #5, Cluster #4: N/ATrain GBM - Fold #5, Cluster #5: Elapsed time is 47.156548 seconds.
Run GBM - Fold #5, Cluster #5: Elapsed time is 0.929042 seconds.
Train GBM - Fold #5, Cluster #6: Elapsed time is 175.475315 seconds.
Run GBM - Fold #5, Cluster #6: Elapsed time is 2.494345 seconds.
Train GBM - Fold #5, Cluster #7: Elapsed time is 39.930679 seconds.
Run GBM - Fold #5, Cluster #7: Elapsed time is 1.015753 seconds.
Train GBM - Fold #5, Cluster #8: Elapsed time is 31.402871 seconds.
Run GBM - Fold #5, Cluster #8: Elapsed time is 0.692608 seconds.
Train GBM - Fold #5, Cluster #9: Elapsed time is 111.702592 seconds.
Run GBM - Fold #5, Cluster #9: Elapsed time is 2.361569 seconds.
Train GBM - Fold #5, Cluster #10: Elapsed time is 30.522780 seconds.
Run GBM - Fold #5, Cluster #10: Elapsed time is 0.637063 seconds.
Train GBM - Fold #5, Cluster #11: Elapsed time is 110.478742 seconds.
Run GBM - Fold #5, Cluster #11: Elapsed time is 1.644165 seconds.
Train GBM - Fold #5, Cluster #12: Elapsed time is 138.255366 seconds.
Run GBM - Fold #5, Cluster #12: Elapsed time is 1.628947 seconds.
Train GBM - Fold #5, Cluster #13: Elapsed time is 50.975418 seconds.
Run GBM - Fold #5, Cluster #13: Elapsed time is 0.876299 seconds.
Train GBM - Fold #5, Cluster #14: Elapsed time is 100.343036 seconds.
Run GBM - Fold #5, Cluster #14: Elapsed time is 1.534264 seconds.
Train GBM - Fold #5, Cluster #15: Elapsed time is 3.284027 seconds.
Run GBM - Fold #5, Cluster #15: Elapsed time is 0.519132 seconds.
Train GBM - Fold #5, Cluster #16: Elapsed time is 20.003405 seconds.
Run GBM - Fold #5, Cluster #16: Elapsed time is 0.570521 seconds.
Train GBM - Fold #5, Cluster #17: Elapsed time is 275.827512 seconds.
Run GBM - Fold #5, Cluster #17: Elapsed time is 4.319848 seconds.
Train GBM - Fold #5, Cluster #18: Elapsed time is 85.541611 seconds.
Run GBM - Fold #5, Cluster #18: Elapsed time is 1.419111 seconds.
Train GBM - Fold #5, Cluster #19: Elapsed time is 106.765867 seconds.
Run GBM - Fold #5, Cluster #19: Elapsed time is 1.928376 seconds.
Train GBM - Fold #5, Cluster #20: Elapsed time is 64.793291 seconds.
Run GBM - Fold #5, Cluster #20: Elapsed time is 1.106303 seconds.
success!
