
                            < M A T L A B (R) >
                  Copyright 1984-2022 The MathWorks, Inc.
                  R2022b (9.13.0.2049777) 64-bit (glnxa64)
                              August 24, 2022

 
To get started, type doc.
For product information, visit www.mathworks.com.
 
Starting parallel pool (parpool) using the 'Processes' profile ...
[Warning: The system time zone setting, 'US/Central', does not specify a single
time zone unambiguously. It will be treated as 'America/Chicago'. See the <a
href="matlab:doc('datetime.TimeZone')">datetime.TimeZone property</a> for
details about specifying time zones.] 
[> In verifyTimeZone (line 38)
In datetime (line 559)
In parallel.internal.pool.JavaBackedSessionNotifier>iLongToDatetime (line 128)
In parallel.internal.pool.JavaBackedSessionNotifier>iJavaDateToDatetime (line
148)
In parallel.internal.pool.JavaBackedSessionNotifier.sessionInfoFromJava (line
102)
In parallel.internal.pool/JavaBackedSessionNotifier/wrapNotificationMethod
(line 17)
In parallel.internal.pool/JavaBackedSessionNotifier/notifyAboutToStart (line
36)
In parallel.internal.pool.ISessionNotifier.buildAboutToStartInfo (line 34)
In parallel.internal.pool.argumentsParser>iPoolStartingMessage (line 188)
In parallel.internal.pool.argumentsParser>iGetClusterAndNumWorkers (line 108)
In parallel.internal.pool.argumentsParser (line 45)
In parallel.internal.pool.doParpool (line 17)
In parpool (line 127)
In kfold_train_rfr (line 54)
In gobai_o2_kfold_train_rfr (line 5)
] 
Connected to the parallel pool (number of workers: 40).
Train RFR - Fold #1, Cluster #1: Elapsed time is 77.935130 seconds.
Run RFR - Fold #1, Cluster #1: Elapsed time is 27.277210 seconds.
Train RFR - Fold #1, Cluster #2: Elapsed time is 110.472322 seconds.
Run RFR - Fold #1, Cluster #2: Elapsed time is 39.887783 seconds.
Train RFR - Fold #1, Cluster #3: Elapsed time is 11.921147 seconds.
Run RFR - Fold #1, Cluster #3: Elapsed time is 20.488065 seconds.
Train RFR - Fold #1, Cluster #4: Elapsed time is 1.790643 seconds.
Run RFR - Fold #1, Cluster #4: Elapsed time is 4.685897 seconds.
Train RFR - Fold #1, Cluster #5: Elapsed time is 19.688228 seconds.
Run RFR - Fold #1, Cluster #5: Elapsed time is 17.681207 seconds.
Train RFR - Fold #1, Cluster #6: Elapsed time is 45.821526 seconds.
Run RFR - Fold #1, Cluster #6: Elapsed time is 21.915537 seconds.
Train RFR - Fold #1, Cluster #7: Elapsed time is 79.114421 seconds.
Run RFR - Fold #1, Cluster #7: Elapsed time is 43.150438 seconds.
Train RFR - Fold #1, Cluster #8: Elapsed time is 5.605933 seconds.
Run RFR - Fold #1, Cluster #8: Elapsed time is 12.295119 seconds.
  MException with properties:

    identifier: 'stats:classreg:learning:FullClassificationRegressionModel:prepareDataCR:NoData'
       message: 'Empty X or Y not supported.'
         cause: {}
         stack: [7x1 struct]
    Correction: []

Function: gobai_o2_kfold_train_rfr
Line: 5
Function: kfold_train_rfr
Line: 65
Function: fit_RFR
Line: 21
Function: TreeBagger.TreeBagger
Line: 621
Function: TreeBagger.init
Line: 1358
Function: RegressionTree.prepareData
Line: 162
Function: FullClassificationRegressionModel.prepareDataCR
Line: 226
