
                            < M A T L A B (R) >
                  Copyright 1984-2022 The MathWorks, Inc.
                  R2022b (9.13.0.2049777) 64-bit (glnxa64)
                              August 24, 2022

 
To get started, type doc.
For product information, visit www.mathworks.com.
 
Train GBM - Fold #1, Cluster #1: Elapsed time is 337.023389 seconds.
Run GBM - Fold #1, Cluster #1: Elapsed time is 5.669592 seconds.
Train GBM - Fold #1, Cluster #2: Elapsed time is 368.691409 seconds.
Run GBM - Fold #1, Cluster #2: Elapsed time is 4.703523 seconds.
Train GBM - Fold #1, Cluster #3: Elapsed time is 482.026453 seconds.
Run GBM - Fold #1, Cluster #3: Elapsed time is 7.147345 seconds.
Train GBM - Fold #1, Cluster #4: Elapsed time is 225.388023 seconds.
Run GBM - Fold #1, Cluster #4: Elapsed time is 3.216172 seconds.
Train GBM - Fold #1, Cluster #5: Elapsed time is 267.698703 seconds.
Run GBM - Fold #1, Cluster #5: Elapsed time is 3.584709 seconds.
Train GBM - Fold #2, Cluster #1: Elapsed time is 354.416763 seconds.
Run GBM - Fold #2, Cluster #1: Elapsed time is 4.723631 seconds.
Train GBM - Fold #2, Cluster #2: Elapsed time is 376.273914 seconds.
Run GBM - Fold #2, Cluster #2: Elapsed time is 4.097766 seconds.
Train GBM - Fold #2, Cluster #3: Elapsed time is 509.780502 seconds.
Run GBM - Fold #2, Cluster #3: Elapsed time is 5.903452 seconds.
Train GBM - Fold #2, Cluster #4: Elapsed time is 243.063625 seconds.
Run GBM - Fold #2, Cluster #4: Elapsed time is 2.722412 seconds.
Train GBM - Fold #2, Cluster #5: Elapsed time is 278.635876 seconds.
Run GBM - Fold #2, Cluster #5: Elapsed time is 3.108121 seconds.
Train GBM - Fold #3, Cluster #1: Elapsed time is 346.896085 seconds.
Run GBM - Fold #3, Cluster #1: Elapsed time is 5.066241 seconds.
Train GBM - Fold #3, Cluster #2: Elapsed time is 357.409873 seconds.
Run GBM - Fold #3, Cluster #2: Elapsed time is 4.990287 seconds.
Train GBM - Fold #3, Cluster #3: Elapsed time is 496.900883 seconds.
Run GBM - Fold #3, Cluster #3: Elapsed time is 6.657230 seconds.
Train GBM - Fold #3, Cluster #4: Elapsed time is 238.856320 seconds.
Run GBM - Fold #3, Cluster #4: Elapsed time is 2.908507 seconds.
Train GBM - Fold #3, Cluster #5: Elapsed time is 271.470808 seconds.
Run GBM - Fold #3, Cluster #5: Elapsed time is 3.643204 seconds.
Train GBM - Fold #4, Cluster #1: Elapsed time is 366.432076 seconds.
Run GBM - Fold #4, Cluster #1: Elapsed time is 4.158232 seconds.
Train GBM - Fold #4, Cluster #2: Elapsed time is 386.608557 seconds.
Run GBM - Fold #4, Cluster #2: Elapsed time is 3.807811 seconds.
Train GBM - Fold #4, Cluster #3: Elapsed time is 497.701801 seconds.
Run GBM - Fold #4, Cluster #3: Elapsed time is 6.925607 seconds.
Train GBM - Fold #4, Cluster #4: Elapsed time is 218.890163 seconds.
Run GBM - Fold #4, Cluster #4: Elapsed time is 3.476407 seconds.
Train GBM - Fold #4, Cluster #5: Elapsed time is 259.811740 seconds.
Run GBM - Fold #4, Cluster #5: Elapsed time is 3.944584 seconds.
Train GBM - Fold #5, Cluster #1: Elapsed time is 375.448691 seconds.
Run GBM - Fold #5, Cluster #1: Elapsed time is 3.686079 seconds.
Train GBM - Fold #5, Cluster #2: Elapsed time is 338.799416 seconds.
Run GBM - Fold #5, Cluster #2: Elapsed time is 6.003510 seconds.
Train GBM - Fold #5, Cluster #3: Elapsed time is 519.586059 seconds.
Run GBM - Fold #5, Cluster #3: Elapsed time is 5.619616 seconds.
Train GBM - Fold #5, Cluster #4: Elapsed time is 228.206454 seconds.
Run GBM - Fold #5, Cluster #4: Elapsed time is 3.109647 seconds.
Train GBM - Fold #5, Cluster #5: Elapsed time is 265.668555 seconds.
Run GBM - Fold #5, Cluster #5: Elapsed time is 3.731146 seconds.
success!
